     1                                 %line 3+1 ../../textbook/ch14/constants.asm
     2                                 [section .rodata]
     3                                 
     4                                  LF equ 0x0a
     5                                 
     6                                 
     7                                  SYS_read equ 0
     8                                  SYS_write equ 1
     9                                  SYS_open equ 2
    10                                  SYS_close equ 3
    11                                  SYS_lseek equ 8
    12                                  SYS_exit equ 60
    13                                 
    14                                 
    15                                  SYS_stdin equ 0
    16                                  SYS_stdout equ 1
    17                                  SYS_stderr equ 2
    18                                 
    19                                 
    20                                  O_ACCMODE equ 00000003
    21                                  O_RDONLY equ 00000000
    22                                  O_WRONLY equ 00000001
    23                                  O_RDWR equ 00000002
    24                                  O_CREAT equ 00000100
    25                                  O_EXCL equ 00000200
    26                                  O_NOCTTY equ 00000400
    27                                  O_TRUNC equ 00001000
    28                                  O_APPEND equ 00002000
    29                                  O_NONBLOCK equ 00004000
    30                                  O_DSYNC equ 00010000
    31                                  FASYNC equ 00020000
    32                                  O_DIRECT equ 00040000
    33                                  O_LARGEFILE equ 00100000
    34                                  O_DIRECTORY equ 00200000
    35                                  O_NOFOLLOW equ 00400000
    36                                  O_NOATIME equ 01000000
    37                                  O_CLOEXEC equ 02000000
    38                                 
    39                                  S_IRWXU equ 00700
    40                                  S_IRUSR equ 00400
    41                                  S_IWUSR equ 00200
    42                                  S_IXUSR equ 00100
    43                                 
    44                                  S_IRWXG equ 00070
    45                                  S_IRGRP equ 00040
    46                                  S_IWGRP equ 00020
    47                                  S_IXGRP equ 00010
    48                                 
    49                                  S_IRWXO equ 00007
    50                                  S_IROTH equ 00004
    51                                  S_IWOTH equ 00002
    52                                  S_IXOTH equ 00001
    53                                 
    54                                 
    55                                  SEEK_SET equ 0
    56                                  SEEK_CUR equ 1
    57                                  SEEK_END equ 2
    58                                 
    59                                 
    60                                  EXIT_success equ 0
    61                                  EXIT_failure equ 1
    62                                 %line 2+1 ../../textbook/ch14/printline_only.asm
    63                                 
    64                                 [section .rodata]
    65 00000000 0A                      LFc db LF
    66                                 
    67                                 [section .text]
    68                                 [global printline]
    69                                 printline:
    70                                 
    71                                 
    72                                 
    73                                 
    74                                 
    75                                 
    76                                 
    77 00000000 4883FF00                cmp rdi, 0
    78 00000004 7442                    jz printline_end
    79                                 
    80                                 
    81 00000006 4889FE                  mov rsi, rdi
    82                                 printline_strlen_loop:
    83 00000009 803E00                  cmp BYTE [rsi], 0
    84 0000000C 7403                    jz printline_strlen_loop_end
    85 0000000E 48FFC6                  inc rsi
    86 00000011 EBF4                    jmp printline_strlen_loop
    87                                 printline_strlen_loop_end:
    88                                 
    89 00000013 4889F2                  mov rdx, rsi
    90 00000016 4829FA                  sub rdx, rdi
    91 00000019 4889FE                  mov rsi, rdi
    92 0000001C 48C7C701000000          mov rdi, SYS_stdout
    93 00000023 48C7C001000000          mov rax, SYS_write
    94 0000002A 0F05                    syscall
    95                                 
    96 0000002C 48C7C201000000          mov rdx, 1
    97 00000033 48C7C6[00000000]        mov rsi, LFc
    98 0000003A 48C7C701000000          mov rdi, SYS_stdout
    99 00000041 48C7C001000000          mov rax, SYS_write
   100 00000048 0F05                    syscall
   101                                 printline_end:
   102 0000004A C3                     ret
   103                                 %line 3+1 ../../textbook/ch14/freadline.asm
   104                                 
   105                                 
   106                                 [section .rodata]
   107 00000001 646174612E74787400      File db "data.txt", 0
   108                                  BufSz equ 128
   109                                 
   110                                 [section .bss]
   111 00000000 <gap>                   Buf resb BufSz
   112                                 
   113                                 [section .text]
   114                                 [global freadline]
   115                                 freadline:
   116                                 
   117                                 
   118                                 
   119                                 
   120                                 
   121                                 
   122                                 
   123                                  freadline_BUFSZ equ 256
   124                                 
   125 0000004B 55                      push rbp
   126 0000004C 4889E5                  mov rbp, rsp
   127 0000004F 4881EC00010000          sub rsp, freadline_BUFSZ
   128 00000056 53                      push rbx
   129 00000057 4154                    push r12
   130 00000059 4155                    push r13
   131 0000005B 4156                    push r14
   132                                 
   133 0000005D 4989D5                  mov r13, rdx
   134 00000060 49C7C600000000          mov r14, 0
   135                                 
   136                                 
   137 00000067 4889FB                  mov rbx, rdi
   138 0000006A 4989FA                  mov r10, rdi
   139 0000006D 4989F3                  mov r11, rsi
   140 00000070 49FFCB                  dec r11
   141                                 
   142                                 
   143 00000073 48C7C201000000          mov rdx, SEEK_CUR
   144 0000007A 48C7C600000000          mov rsi, 0
   145 00000081 4C89EF                  mov rdi, r13
   146 00000084 48C7C008000000          mov rax, SYS_lseek
   147 0000008B 0F05                    syscall
   148 0000008D 4883F800                cmp rax, 0
   149 00000091 0F8C84000000            jl freadline_err
   150 00000097 4989C6                  mov r14, rax
   151                                 
   152                                 freadline_readbuf_loop:
   153 0000009A 4C8DA500FFFFFF          lea r12, BYTE [rbp-freadline_BUFSZ]
   154 000000A1 48C7C200010000          mov rdx, freadline_BUFSZ
   155 000000A8 4C89E6                  mov rsi, r12
   156 000000AB 4C89EF                  mov rdi, r13
   157 000000AE 48C7C000000000          mov rax, SYS_read
   158 000000B5 4153                    push r11
   159 000000B7 4152                    push r10
   160 000000B9 0F05                    syscall
   161 000000BB 415A                    pop r10
   162 000000BD 415B                    pop r11
   163 000000BF 4883F800                cmp rax, 0
   164 000000C3 7C5A                    jl freadline_err
   165 000000C5 742C                    je freadline_readbuf_loop_end
   166                                 freadline_strcpy_loop:
   167 000000C7 4983FB00                cmp r11, 0
   168 000000CB 7426                    je freadline_readbuf_loop_end
   169 000000CD 4939EC                  cmp r12, rbp
   170 000000D0 74C6                    je freadline_readbuf_loop
   171 000000D2 4883F800                cmp rax, 0
   172 000000D6 74C0                    je freadline_readbuf_loop
   173 000000D8 49FFC6                  inc r14
   174 000000DB 418A1424                mov dl, BYTE [r12]
   175 000000DF 80FA0A                  cmp dl, LF
   176 000000E2 740F                    je freadline_readbuf_loop_end
   177 000000E4 418812                  mov BYTE [r10], dl
   178 000000E7 48FFC8                  dec rax
   179 000000EA 49FFC2                  inc r10
   180 000000ED 49FFCB                  dec r11
   181 000000F0 49FFC4                  inc r12
   182 000000F3 EBD0                    jmp freadline_strcpy_loop
   183                                 freadline_readbuf_loop_end:
   184                                 
   185 000000F5 4152                    push r10
   186 000000F7 48C7C200000000          mov rdx, SEEK_SET
   187 000000FE 4C89F6                  mov rsi, r14
   188 00000101 4C89EF                  mov rdi, r13
   189 00000104 48C7C008000000          mov rax, SYS_lseek
   190 0000010B 0F05                    syscall
   191 0000010D 4883F800                cmp rax, 0
   192 00000111 7C0C                    jl freadline_err
   193 00000113 415A                    pop r10
   194                                 
   195 00000115 41C60200                mov BYTE [r10], 0
   196 00000119 4C89D0                  mov rax, r10
   197 0000011C 4829D8                  sub rax, rbx
   198 0000011F EB05                    jmp freadline_end
   199                                 freadline_err:
   200 00000121 48C7C0FFFFFFFF          mov rax, -1
   201                                 freadline_end:
   202 00000128 415E                    pop r14
   203 0000012A 415D                    pop r13
   204 0000012C 415C                    pop r12
   205 0000012E 5B                      pop rbx
   206 0000012F 4889EC                  mov rsp, rbp
   207 00000132 5D                      pop rbp
   208 00000133 C3                     ret
   209                                 
   210                                 [global _start]
   211                                 _start:
   212                                 
   213 00000134 48C7C200000000          mov rdx, 0
   214 0000013B 48C7C600000000          mov rsi, 0
   215 00000142 4883CE00                or rsi, O_RDONLY
   216 00000146 48C7C7[00000000]        mov rdi, File
   217 0000014D 48C7C002000000          mov rax, SYS_open
   218 00000154 0F05                    syscall
   219 00000156 4883F800                cmp rax, 0
   220 0000015A 7C46                    jl _start_err
   221 0000015C 4989C4                  mov r12, rax
   222                                 
   223                                 
   224                                 _start_read_loop:
   225 0000015F 4C89E2                  mov rdx, r12
   226 00000162 48C7C680000000          mov rsi, BufSz
   227 00000169 48C7C7[00000000]        mov rdi, Buf
   228 00000170 E8D1FEFFFF              call freadline
   229 00000175 4883F800                cmp rax, 0
   230 00000179 7E0C                    jle _start_read_loop_end
   231 0000017B 48C7C7[00000000]        mov rdi, Buf
   232 00000182 E874FEFFFF              call printline
   233 00000187 EBD4                    jmp _start_read_loop
   234                                 _start_read_loop_end:
   235                                 
   236                                 
   237 00000189 4C89E7                  mov rdi, r12
   238 0000018C 48C7C003000000          mov rax, SYS_close
   239 00000193 0F05                    syscall
   240 00000195 4883F800                cmp rax, 0
   241 00000199 7C07                    jl _start_err
   242                                 
   243                                 
   244 0000019B 48C7C700000000          mov rdi, EXIT_success
   245 000001A2 EB05                    jmp _start_end
   246                                 _start_err:
   247 000001A4 48C7C701000000          mov rdi, EXIT_failure
   248                                 _start_end:
   249 000001AB 48C7C03C000000          mov rax, SYS_exit
   250 000001B2 0F05                    syscall
