     1                                 %line 3+1 constants.asm
     2                                 [section .rodata]
     3                                 
     4                                  LF equ 0x0a
     5                                 
     6                                 
     7                                  SYS_read equ 0
     8                                  SYS_write equ 1
     9                                  SYS_open equ 2
    10                                  SYS_close equ 3
    11                                  SYS_lseek equ 8
    12                                  SYS_exit equ 60
    13                                 
    14                                 
    15                                  SYS_stdin equ 0
    16                                  SYS_stdout equ 1
    17                                  SYS_stderr equ 2
    18                                 
    19                                 
    20                                  O_ACCMODE equ 00000003
    21                                  O_RDONLY equ 00000000
    22                                  O_WRONLY equ 00000001
    23                                  O_RDWR equ 00000002
    24                                  O_CREAT equ 00000100
    25                                  O_EXCL equ 00000200
    26                                  O_NOCTTY equ 00000400
    27                                  O_TRUNC equ 00001000
    28                                  O_APPEND equ 00002000
    29                                  O_NONBLOCK equ 00004000
    30                                  O_DSYNC equ 00010000
    31                                  FASYNC equ 00020000
    32                                  O_DIRECT equ 00040000
    33                                  O_LARGEFILE equ 00100000
    34                                  O_DIRECTORY equ 00200000
    35                                  O_NOFOLLOW equ 00400000
    36                                  O_NOATIME equ 01000000
    37                                  O_CLOEXEC equ 02000000
    38                                 
    39                                  S_IRWXU equ 00700
    40                                  S_IRUSR equ 00400
    41                                  S_IWUSR equ 00200
    42                                  S_IXUSR equ 00100
    43                                 
    44                                  S_IRWXG equ 00070
    45                                  S_IRGRP equ 00040
    46                                  S_IWGRP equ 00020
    47                                  S_IXGRP equ 00010
    48                                 
    49                                  S_IRWXO equ 00007
    50                                  S_IROTH equ 00004
    51                                  S_IWOTH equ 00002
    52                                  S_IXOTH equ 00001
    53                                 
    54                                 
    55                                  SEEK_SET equ 0
    56                                  SEEK_CUR equ 1
    57                                  SEEK_END equ 2
    58                                 
    59                                 
    60                                  EXIT_success equ 0
    61                                  EXIT_failure equ 1
    62                                 %line 2+1 canary.asm
    63                                 
    64                                 [section .rodata]
    65 00000000 0A                      LFc db LF
    66                                 
    67                                 [section .text]
    68                                 [global canary]
    69                                 canary:
    70                                 
    71                                 
    72                                 
    73                                 
    74                                 
    75                                 
    76                                 
    77                                 
    78                                  canary_BUFSZ equ 72
    79                                 
    80 00000000 55                      push rbp
    81 00000001 4889E5                  mov rbp, rsp
    82                                 
    83 00000004 54                      push rsp
    84 00000005 C70424CDCDCDCD          mov DWORD [rsp], 0xCDCDCDCD
    85                                 
    86 0000000C 4883EC48                sub rsp, canary_BUFSZ
    87 00000010 53                      push rbx
    88 00000011 4154                    push r12
    89                                 
    90 00000013 488D5DB0                lea rbx, BYTE [rbp-canary_BUFSZ-8]
    91 00000017 49C7C400000000          mov r12, 0
    92                                 canary_read_loop:
    93                                 
    94 0000001E 48C7C201000000          mov rdx, 1
    95 00000025 4889DE                  mov rsi, rbx
    96 00000028 48C7C700000000          mov rdi, SYS_stdin
    97 0000002F 48C7C000000000          mov rax, SYS_read
    98 00000036 0F05                    syscall
    99 00000038 4883F800                cmp rax, 0
   100 0000003C 7C6A                    jl canary_err
   101                                 
   102 0000003E 803B0A                  cmp BYTE [rbx], LF
   103 00000041 7406                    je canary_write
   104                                 
   105 00000043 48FFC3                  inc rbx
   106 00000046 49FFC4                  inc r12
   107 00000049 EBD1                    jmp canary_read_loop
   108                                 canary_write:
   109                                 
   110 0000004B 817DF8CDCDCDCD          cmp DWORD [rbp-8], 0xCDCDCDCD
   111 00000052 740E                    je canary_write_continue
   112                                 
   113 00000054 48C7C767000000          mov rdi, 103
   114 0000005B 48C7C03C000000          mov rax, 60
   115 00000062 0F05                    syscall
   116                                 canary_write_continue:
   117                                 
   118 00000064 488D5DB0                lea rbx, BYTE [rbp-canary_BUFSZ-8]
   119 00000068 4C89E2                  mov rdx, r12
   120 0000006B 4889DE                  mov rsi, rbx
   121 0000006E 48C7C701000000          mov rdi, SYS_stdout
   122 00000075 48C7C001000000          mov rax, SYS_write
   123 0000007C 0F05                    syscall
   124 0000007E 4883F800                cmp rax, 0
   125 00000082 7C24                    jl canary_err
   126                                 
   127 00000084 48C7C201000000          mov rdx, 1
   128 0000008B 48C7C6[00000000]        mov rsi, LFc
   129 00000092 48C7C701000000          mov rdi, SYS_stdout
   130 00000099 48C7C001000000          mov rax, SYS_write
   131 000000A0 0F05                    syscall
   132 000000A2 4883F800                cmp rax, 0
   133 000000A6 7C00                    jl canary_err
   134                                 
   135 000000A8 EB05                    jmp canary_end
   136                                 canary_err:
   137 000000AA 48C7C0FFFFFFFF          mov rax, -1
   138                                 canary_end:
   139 000000B1 415C                    pop r12
   140 000000B3 5B                      pop rbx
   141 000000B4 4889EC                  mov rsp, rbp
   142 000000B7 5D                      pop rbp
   143 000000B8 C3                     ret
   144                                 
   145                                 [global _start]
   146                                 _start:
   147 000000B9 E83DFFFFFF              call canary
   148                                 
   149                                 
   150 000000BE 48C7C700000000          mov rdi, EXIT_success
   151 000000C5 48C7C03C000000          mov rax, SYS_exit
   152 000000CC 0F05                    syscall
