     1                                 %line 3+1 ../../textbook/ch13/constants.asm
     2                                 [section .rodata]
     3                                 
     4                                  LF equ 0x0a
     5                                 
     6                                 
     7                                  SYS_read equ 0
     8                                  SYS_write equ 1
     9                                  SYS_open equ 2
    10                                  SYS_close equ 3
    11                                  SYS_exit equ 60
    12                                 
    13                                 
    14                                  SYS_stdin equ 0
    15                                  SYS_stdout equ 1
    16                                  SYS_stderr equ 2
    17                                 
    18                                 
    19                                  O_ACCMODE equ 00000003
    20                                  O_RDONLY equ 00000000
    21                                  O_WRONLY equ 00000001
    22                                  O_RDWR equ 00000002
    23                                  O_CREAT equ 00000100
    24                                  O_EXCL equ 00000200
    25                                  O_NOCTTY equ 00000400
    26                                  O_TRUNC equ 00001000
    27                                  O_APPEND equ 00002000
    28                                  O_NONBLOCK equ 00004000
    29                                  O_DSYNC equ 00010000
    30                                  FASYNC equ 00020000
    31                                  O_DIRECT equ 00040000
    32                                  O_LARGEFILE equ 00100000
    33                                  O_DIRECTORY equ 00200000
    34                                  O_NOFOLLOW equ 00400000
    35                                  O_NOATIME equ 01000000
    36                                  O_CLOEXEC equ 02000000
    37                                 
    38                                  S_IRWXU equ 00700
    39                                  S_IRUSR equ 00400
    40                                  S_IWUSR equ 00200
    41                                  S_IXUSR equ 00100
    42                                 
    43                                  S_IRWXG equ 00070
    44                                  S_IRGRP equ 00040
    45                                  S_IWGRP equ 00020
    46                                  S_IXGRP equ 00010
    47                                 
    48                                  S_IRWXO equ 00007
    49                                  S_IROTH equ 00004
    50                                  S_IWOTH equ 00002
    51                                  S_IXOTH equ 00001
    52                                 
    53                                 
    54                                  EXIT_success equ 0
    55                                  EXIT_failure equ 1
