     1                                 %line 3+1 ../../textbook/ch13/constants.asm
     2                                 [section .rodata]
     3                                 
     4                                  LF equ 0x0a
     5                                 
     6                                 
     7                                  SYS_read equ 0
     8                                  SYS_write equ 1
     9                                  SYS_open equ 2
    10                                  SYS_close equ 3
    11                                  SYS_exit equ 60
    12                                 
    13                                 
    14                                  SYS_stdin equ 0
    15                                  SYS_stdout equ 1
    16                                  SYS_stderr equ 2
    17                                 
    18                                 
    19                                  O_ACCMODE equ 00000003
    20                                  O_RDONLY equ 00000000
    21                                  O_WRONLY equ 00000001
    22                                  O_RDWR equ 00000002
    23                                  O_CREAT equ 00000100
    24                                  O_EXCL equ 00000200
    25                                  O_NOCTTY equ 00000400
    26                                  O_TRUNC equ 00001000
    27                                  O_APPEND equ 00002000
    28                                  O_NONBLOCK equ 00004000
    29                                  O_DSYNC equ 00010000
    30                                  FASYNC equ 00020000
    31                                  O_DIRECT equ 00040000
    32                                  O_LARGEFILE equ 00100000
    33                                  O_DIRECTORY equ 00200000
    34                                  O_NOFOLLOW equ 00400000
    35                                  O_NOATIME equ 01000000
    36                                  O_CLOEXEC equ 02000000
    37                                 
    38                                  S_IRWXU equ 00700
    39                                  S_IRUSR equ 00400
    40                                  S_IWUSR equ 00200
    41                                  S_IXUSR equ 00100
    42                                 
    43                                  S_IRWXG equ 00070
    44                                  S_IRGRP equ 00040
    45                                  S_IWGRP equ 00020
    46                                  S_IXGRP equ 00010
    47                                 
    48                                  S_IRWXO equ 00007
    49                                  S_IROTH equ 00004
    50                                  S_IWOTH equ 00002
    51                                  S_IXOTH equ 00001
    52                                 
    53                                 
    54                                  EXIT_success equ 0
    55                                  EXIT_failure equ 1
    56                                 %line 2+1 ../../textbook/ch13/printline.asm
    57                                 
    58                                 %line 7+1 ../../textbook/ch13/printline.asm
    59                                 
    60                                 
    61                                 [section .rodata]
    62 00000000 0A                      LFc db LF
    63                                 
    64 00000001 48656C6C6F20576F72-     Str1 db "Hello World", 0
    65 00000001 6C6400             
    66 0000000D 00                      Str2 db 0
    67 0000000E 4A6F686E0A46726F6D-     Str3 db "John", LF, "From", LF, "Uptown", 0
    68 0000000E 0A5570746F776E00   
    69                                 
    70                                 [section .text]
    71                                 [global printline]
    72                                 printline:
    73                                 
    74                                 
    75                                 
    76                                 
    77                                 
    78                                 
    79                                 
    80 00000000 4883FF00                cmp rdi, 0
    81 00000004 7442                    jz printline_end
    82                                 
    83                                 
    84 00000006 4889FE                  mov rsi, rdi
    85                                 printline_strlen_loop:
    86 00000009 803E00                  cmp BYTE [rsi], 0
    87 0000000C 7403                    jz printline_strlen_loop_end
    88 0000000E 48FFC6                  inc rsi
    89 00000011 EBF4                    jmp printline_strlen_loop
    90                                 printline_strlen_loop_end:
    91                                 
    92 00000013 4889F2                  mov rdx, rsi
    93 00000016 4829FA                  sub rdx, rdi
    94 00000019 4889FE                  mov rsi, rdi
    95 0000001C 48C7C701000000          mov rdi, SYS_stdout
    96 00000023 48C7C001000000          mov rax, SYS_write
    97 0000002A 0F05                    syscall
    98                                 
    99 0000002C 48C7C201000000          mov rdx, 1
   100 00000033 48C7C6[00000000]        mov rsi, LFc
   101 0000003A 48C7C701000000          mov rdi, SYS_stdout
   102 00000041 48C7C001000000          mov rax, SYS_write
   103 00000048 0F05                    syscall
   104                                 printline_end:
   105 0000004A C3                     ret
   106                                 
   107                                 [global _start]
   108                                 _start:
   109 0000004B 48C7C7[00000000]        mov rdi, Str1
   110                                 %line 55+0 ../../textbook/ch13/printline.asm
   111 00000052 E8A4FFFFFF              call printline
   112                                 %line 56+1 ../../textbook/ch13/printline.asm
   113 00000057 48C7C7[00000000]        mov rdi, Str2
   114                                 %line 56+0 ../../textbook/ch13/printline.asm
   115 0000005E E898FFFFFF              call printline
   116                                 %line 57+1 ../../textbook/ch13/printline.asm
   117 00000063 48C7C7[00000000]        mov rdi, Str3
   118                                 %line 57+0 ../../textbook/ch13/printline.asm
   119 0000006A E88CFFFFFF              call printline
   120                                 %line 58+1 ../../textbook/ch13/printline.asm
   121                                 
   122                                 
   123 0000006F 48C7C03C000000          mov rax, SYS_exit
   124 00000076 48C7C700000000          mov rdi, EXIT_success
   125 0000007D 0F05                    syscall
   126                                 
