     1                                 %line 3+1 ../../textbook/ch13/constants.asm
     2                                 [section .rodata]
     3                                 
     4                                  LF equ 0x0a
     5                                 
     6                                 
     7                                  SYS_read equ 0
     8                                  SYS_write equ 1
     9                                  SYS_open equ 2
    10                                  SYS_close equ 3
    11                                  SYS_exit equ 60
    12                                 
    13                                 
    14                                  SYS_stdin equ 0
    15                                  SYS_stdout equ 1
    16                                  SYS_stderr equ 2
    17                                 
    18                                 
    19                                  O_ACCMODE equ 00000003
    20                                  O_RDONLY equ 00000000
    21                                  O_WRONLY equ 00000001
    22                                  O_RDWR equ 00000002
    23                                  O_CREAT equ 00000100
    24                                  O_EXCL equ 00000200
    25                                  O_NOCTTY equ 00000400
    26                                  O_TRUNC equ 00001000
    27                                  O_APPEND equ 00002000
    28                                  O_NONBLOCK equ 00004000
    29                                  O_DSYNC equ 00010000
    30                                  FASYNC equ 00020000
    31                                  O_DIRECT equ 00040000
    32                                  O_LARGEFILE equ 00100000
    33                                  O_DIRECTORY equ 00200000
    34                                  O_NOFOLLOW equ 00400000
    35                                  O_NOATIME equ 01000000
    36                                  O_CLOEXEC equ 02000000
    37                                 
    38                                  S_IRWXU equ 00700
    39                                  S_IRUSR equ 00400
    40                                  S_IWUSR equ 00200
    41                                  S_IXUSR equ 00100
    42                                 
    43                                  S_IRWXG equ 00070
    44                                  S_IRGRP equ 00040
    45                                  S_IWGRP equ 00020
    46                                  S_IXGRP equ 00010
    47                                 
    48                                  S_IRWXO equ 00007
    49                                  S_IROTH equ 00004
    50                                  S_IWOTH equ 00002
    51                                  S_IXOTH equ 00001
    52                                 
    53                                 
    54                                  EXIT_success equ 0
    55                                  EXIT_failure equ 1
    56                                 %line 2+1 ../../textbook/ch13/printline_only.asm
    57                                 
    58                                 
    59                                 [section .text]
    60                                 [global printline]
    61                                 printline:
    62                                 
    63                                 
    64                                 
    65                                 
    66                                 
    67                                 %line 13+1 ../../textbook/ch13/printline_only.asm
    68 00000000 55                      push rbp
    69 00000001 4889E5                  mov rbp, rsp
    70 00000004 48FFCC                  dec rsp
    71 00000007 C645FF0A                mov BYTE [rbp-1], 0x0a
    72                                 
    73                                 
    74 0000000B 4883FF00                cmp rdi, 0
    75 0000000F 743F                    jz printline_end
    76                                 
    77                                 
    78 00000011 4889FE                  mov rsi, rdi
    79                                 printline_strlen_loop:
    80 00000014 803E00                  cmp BYTE [rsi], 0
    81 00000017 7403                    jz printline_strlen_loop_end
    82 00000019 48FFC6                  inc rsi
    83 0000001C EBF4                    jmp printline_strlen_loop
    84                                 printline_strlen_loop_end:
    85                                 
    86 0000001E 4889F2                  mov rdx, rsi
    87 00000021 4829FA                  sub rdx, rdi
    88 00000024 4889FE                  mov rsi, rdi
    89 00000027 48C7C701000000          mov rdi, SYS_stdout
    90 0000002E 48C7C001000000          mov rax, SYS_write
    91 00000035 0F05                    syscall
    92                                 
    93 00000037 48C7C201000000          mov rdx, 1
    94 0000003E 488D75FF                lea rsi, BYTE [rbp-1]
    95 00000042 48C7C701000000          mov rdi, SYS_stdout
    96 00000049 48C7C001000000          mov rax, SYS_write
    97 00000050 0F05                    syscall
    98                                 printline_end:
    99 00000052 4889EC                  mov rsp, rbp
   100 00000055 5D                      pop rbp
   101 00000056 C3                     ret
