     1                                 %line 3+1 ../../textbook/ch13/constants.asm
     2                                 [section .rodata]
     3                                 
     4                                  LF equ 0x0a
     5                                 
     6                                 
     7                                  SYS_read equ 0
     8                                  SYS_write equ 1
     9                                  SYS_open equ 2
    10                                  SYS_close equ 3
    11                                  SYS_exit equ 60
    12                                 
    13                                 
    14                                  SYS_stdin equ 0
    15                                  SYS_stdout equ 1
    16                                  SYS_stderr equ 2
    17                                 
    18                                 
    19                                  O_ACCMODE equ 00000003
    20                                  O_RDONLY equ 00000000
    21                                  O_WRONLY equ 00000001
    22                                  O_RDWR equ 00000002
    23                                  O_CREAT equ 00000100
    24                                  O_EXCL equ 00000200
    25                                  O_NOCTTY equ 00000400
    26                                  O_TRUNC equ 00001000
    27                                  O_APPEND equ 00002000
    28                                  O_NONBLOCK equ 00004000
    29                                  O_DSYNC equ 00010000
    30                                  FASYNC equ 00020000
    31                                  O_DIRECT equ 00040000
    32                                  O_LARGEFILE equ 00100000
    33                                  O_DIRECTORY equ 00200000
    34                                  O_NOFOLLOW equ 00400000
    35                                  O_NOATIME equ 01000000
    36                                  O_CLOEXEC equ 02000000
    37                                 
    38                                  S_IRWXU equ 00700
    39                                  S_IRUSR equ 00400
    40                                  S_IWUSR equ 00200
    41                                  S_IXUSR equ 00100
    42                                 
    43                                  S_IRWXG equ 00070
    44                                  S_IRGRP equ 00040
    45                                  S_IWGRP equ 00020
    46                                  S_IXGRP equ 00010
    47                                 
    48                                  S_IRWXO equ 00007
    49                                  S_IROTH equ 00004
    50                                  S_IWOTH equ 00002
    51                                  S_IXOTH equ 00001
    52                                 
    53                                 
    54                                  EXIT_success equ 0
    55                                  EXIT_failure equ 1
    56                                 %line 2+1 ../../textbook/ch13/readline.asm
    57                                 
    58                                 %line 8+1 ../../textbook/ch13/readline.asm
    59                                 
    60                                 
    61                                 [section .data]
    62                                  BufSize1 equ 8
    63                                  BufSize2 equ 32
    64                                 
    65                                 [section .bss]
    66 00000000 <gap>                   Buf1 resb BufSize1
    67 00000008 <gap>                   Buf2 resb BufSize2
    68                                 
    69                                 [section .text]
    70                                 [global readline]
    71                                 readline:
    72                                 
    73                                 
    74                                 
    75                                 
    76                                 
    77                                 
    78                                 %line 28+1 ../../textbook/ch13/readline.asm
    79 00000000 55                      push rbp
    80 00000001 4889E5                  mov rbp, rsp
    81 00000004 4881EC00010000          sub rsp, 256
    82 0000000B 53                      push rbx
    83 0000000C 4154                    push r12
    84                                 
    85                                 
    86 0000000E 4889FB                  mov rbx, rdi
    87 00000011 4989FA                  mov r10, rdi
    88 00000014 4989F3                  mov r11, rsi
    89 00000017 49FFCB                  dec r11
    90                                 readline_readbuf_loop:
    91 0000001A 4C8DA500FFFFFF          lea r12, BYTE [rbp-256]
    92 00000021 48C7C200010000          mov rdx, 256
    93 00000028 4C89E6                  mov rsi, r12
    94 0000002B 48C7C700000000          mov rdi, SYS_stdin
    95 00000032 48C7C000000000          mov rax, SYS_read
    96 00000039 4153                    push r11
    97 0000003B 0F05                    syscall
    98 0000003D 415B                    pop r11
    99 0000003F 4883F800                cmp rax, 0
   100 00000043 7C2C                    jl readline_readbuf_err
   101                                 readline_strcpy_loop:
   102 00000045 4983FB00                cmp r11, 0
   103 00000049 741A                    je readline_readbuf_loop_end
   104 0000004B 4939EC                  cmp r12, rbp
   105 0000004E 74C8                    je readline_readbuf_loop
   106 00000050 418A1424                mov dl, BYTE [r12]
   107 00000054 80FA0A                  cmp dl, LF
   108 00000057 740C                    je readline_readbuf_loop_end
   109 00000059 418812                  mov BYTE [r10], dl
   110 0000005C 49FFC2                  inc r10
   111 0000005F 49FFCB                  dec r11
   112 00000062 49FFC4                  inc r12
   113 00000065 EBDC                    jmp readline_strcpy_loop
   114                                 readline_readbuf_loop_end:
   115 00000067 41C60200                mov BYTE [r10], 0
   116 0000006B 4C89D0                  mov rax, r10
   117 0000006E 4829D8                  sub rax, rbx
   118 00000071 EB05                    jmp readline_end
   119                                 readline_readbuf_err:
   120 00000073 48C7C0FFFFFFFF          mov rax, -1
   121                                 readline_end:
   122 0000007A 415C                    pop r12
   123 0000007C 5B                      pop rbx
   124 0000007D 4889EC                  mov rsp, rbp
   125 00000080 5D                      pop rbp
   126 00000081 C3                     ret
   127                                 
   128                                 [global _start]
   129                                 _start:
   130                                 
   131 00000082 48C7C608000000          mov rsi, BufSize1
   132                                 %line 80+0 ../../textbook/ch13/readline.asm
   133 00000089 48C7C7[00000000]        mov rdi, Buf1
   134 00000090 E866FFFFFF              call readline
   135                                 %line 81+1 ../../textbook/ch13/readline.asm
   136 00000095 48C7C620000000          mov rsi, BufSize2
   137                                 %line 81+0 ../../textbook/ch13/readline.asm
   138 0000009C 48C7C7[00000000]        mov rdi, Buf2
   139 000000A3 E853FFFFFF              call readline
   140                                 %line 82+1 ../../textbook/ch13/readline.asm
   141                                 
   142                                 
   143 000000A8 48C7C03C000000          mov rax, SYS_exit
   144 000000AF 48C7C700000000          mov rdi, EXIT_success
   145 000000B6 0F05                    syscall
