     1                                 %line 3+1 constants.asm
     2                                 [section .rodata]
     3                                 
     4                                  LF equ 0x0a
     5                                 
     6                                 
     7                                  SYS_read equ 0
     8                                  SYS_write equ 1
     9                                  SYS_open equ 2
    10                                  SYS_close equ 3
    11                                  SYS_lseek equ 8
    12                                  SYS_exit equ 60
    13                                 
    14                                 
    15                                  SYS_stdin equ 0
    16                                  SYS_stdout equ 1
    17                                  SYS_stderr equ 2
    18                                 
    19                                 
    20                                  O_ACCMODE equ 00000003
    21                                  O_RDONLY equ 00000000
    22                                  O_WRONLY equ 00000001
    23                                  O_RDWR equ 00000002
    24                                  O_CREAT equ 00000100
    25                                  O_EXCL equ 00000200
    26                                  O_NOCTTY equ 00000400
    27                                  O_TRUNC equ 00001000
    28                                  O_APPEND equ 00002000
    29                                  O_NONBLOCK equ 00004000
    30                                  O_DSYNC equ 00010000
    31                                  FASYNC equ 00020000
    32                                  O_DIRECT equ 00040000
    33                                  O_LARGEFILE equ 00100000
    34                                  O_DIRECTORY equ 00200000
    35                                  O_NOFOLLOW equ 00400000
    36                                  O_NOATIME equ 01000000
    37                                  O_CLOEXEC equ 02000000
    38                                 
    39                                  S_IRWXU equ 00700
    40                                  S_IRUSR equ 00400
    41                                  S_IWUSR equ 00200
    42                                  S_IXUSR equ 00100
    43                                 
    44                                  S_IRWXG equ 00070
    45                                  S_IRGRP equ 00040
    46                                  S_IWGRP equ 00020
    47                                  S_IXGRP equ 00010
    48                                 
    49                                  S_IRWXO equ 00007
    50                                  S_IROTH equ 00004
    51                                  S_IWOTH equ 00002
    52                                  S_IXOTH equ 00001
    53                                 
    54                                 
    55                                  SEEK_SET equ 0
    56                                  SEEK_CUR equ 1
    57                                  SEEK_END equ 2
    58                                 
    59                                 
    60                                  EXIT_success equ 0
    61                                  EXIT_failure equ 1
    62                                 %line 2+1 unsafe.asm
    63                                 
    64                                 [section .rodata]
    65 00000000 0A                      LFc db LF
    66                                 
    67                                 [section .text]
    68                                 [global unsafe]
    69                                 unsafe:
    70                                 
    71                                 
    72                                 
    73                                 
    74                                  unsafe_BUFSZ equ 80
    75 00000000 55                      push rbp
    76 00000001 4889E5                  mov rbp, rsp
    77 00000004 4883EC50                sub rsp, unsafe_BUFSZ
    78 00000008 53                      push rbx
    79 00000009 4154                    push r12
    80                                 
    81 0000000B 488D5DB0                lea rbx, BYTE [rbp-unsafe_BUFSZ]
    82 0000000F 49C7C400000000          mov r12, 0
    83                                 unsafe_read_loop:
    84                                 
    85 00000016 48C7C201000000          mov rdx, 1
    86 0000001D 4889DE                  mov rsi, rbx
    87 00000020 48C7C700000000          mov rdi, SYS_stdin
    88 00000027 48C7C000000000          mov rax, SYS_read
    89 0000002E 0F05                    syscall
    90 00000030 4883F800                cmp rax, 0
    91 00000034 7C51                    jl unsafe_err
    92                                 
    93 00000036 803B0A                  cmp BYTE [rbx], LF
    94 00000039 7406                    je unsafe_write
    95                                 
    96 0000003B 48FFC3                  inc rbx
    97 0000003E 49FFC4                  inc r12
    98 00000041 EBD1                    jmp unsafe_read_loop
    99                                 unsafe_write:
   100                                 
   101 00000043 488D5DB0                lea rbx, BYTE [rbp-unsafe_BUFSZ]
   102 00000047 4C89E2                  mov rdx, r12
   103 0000004A 4889DE                  mov rsi, rbx
   104 0000004D 48C7C701000000          mov rdi, SYS_stdout
   105 00000054 48C7C001000000          mov rax, SYS_write
   106 0000005B 0F05                    syscall
   107 0000005D 4883F800                cmp rax, 0
   108 00000061 7C24                    jl unsafe_err
   109                                 
   110 00000063 48C7C201000000          mov rdx, 1
   111 0000006A 48C7C6[00000000]        mov rsi, LFc
   112 00000071 48C7C701000000          mov rdi, SYS_stdout
   113 00000078 48C7C001000000          mov rax, SYS_write
   114 0000007F 0F05                    syscall
   115 00000081 4883F800                cmp rax, 0
   116 00000085 7C00                    jl unsafe_err
   117                                 
   118 00000087 EB05                    jmp unsafe_end
   119                                 unsafe_err:
   120 00000089 48C7C0FFFFFFFF          mov rax, -1
   121                                 unsafe_end:
   122 00000090 415C                    pop r12
   123 00000092 5B                      pop rbx
   124 00000093 4889EC                  mov rsp, rbp
   125 00000096 5D                      pop rbp
   126 00000097 C3                     ret
   127                                 
   128                                 [global _start]
   129                                 _start:
   130 00000098 E85EFFFFFF              call unsafe
   131                                 
   132                                 
   133 0000009D 48C7C700000000          mov rdi, EXIT_success
   134 000000A4 48C7C03C000000          mov rax, SYS_exit
   135 000000AB 0F05                    syscall
