     1                                 %line 1+1 ../../textbook/ch08/bubsort.asm
     2                                 [section .data]
     3 00000000 98250000AA0D0000AA-     Arr dd 9624, 3498, 9130, 8595, 9368,
     4 00000000 230000932100009824-
     5 00000000 0000               
     6 00000014 95250000A5180000D3-     dd 9621, 6309, 2771, 9366, 7771,
     7 00000014 0A0000962400005B1E-
     8 00000014 0000               
     9 00000028 B218000006210000DF-     dd 6322, 8454, 8927, 9916, 6019,
    10 00000028 220000BC2600008317-
    11 00000028 0000               
    12 0000003C 0D0500000D17000063-     dd 1293, 5901, 1123, 5864, 2813,
    13 0000003C 040000E8160000FD0A-
    14 0000003C 0000               
    15 00000050 10180000BE1C00009C-     dd 6160, 7358, 4252, 5295, 8514,
    16 00000050 100000AF1400004221-
    17 00000050 0000               
    18 00000064 391700004219000042-     dd 5945, 6466, 3650, 8907, 2069,
    19 00000064 0E0000CB2200001508-
    20 00000064 0000               
    21 00000078 58230000D60500009F-     dd 9048, 1494, 5791, 4952, 7577,
    22 00000078 16000058130000991D-
    23 00000078 0000               
    24 0000008C 7C0800002D1700002E-     dd 2172, 5933, 3118, 1327, 3448,
    25 0000008C 0C00002F050000780D-
    26 0000008C 0000               
    27 000000A0 060C0000F418000079-     dd 3078, 6388, 9593, 2354, 7502,
    28 000000A0 250000320900004E1D-
    29 000000A0 0000               
    30 000000B4 13150000391800009A-     dd 5395, 6201, 7066, 8905, 4931,
    31 000000B4 1B0000C92200004313-
    32 000000B4 0000               
    33                                 
    34 000000C8 32000000                Len dd 50
    35                                 
    36                                 [section .text]
    37                                 [global _start]
    38                                 
    39                                 _start:
    40                                 
    41                                 
    42                                 
    43                                 
    44                                 
    45                                 
    46                                 
    47                                 
    48                                 
    49                                 
    50                                 
    51                                 
    52 00000000 8B0C25[00000000]        mov ecx, DWORD [Len]
    53 00000007 FFC9                    dec ecx
    54                                 i_loop:
    55                                 
    56 00000009 41B000                  mov r8b, 0
    57 0000000C BB00000000              mov ebx, 0
    58                                 
    59                                 j_loop:
    60                                 
    61 00000011 67448B0C9D[00000000]      mov r9d, DWORD [Arr+ebx*4]
    62 0000001A 67448B149D[04000000]      mov r10d, DWORD [Arr+ebx*4+4]
    63                                 
    64                                 
    65 00000023 4539D1                  cmp r9d, r10d
    66 00000026 7613                    jbe j_endif
    67 00000028 674489149D[00000000]      mov DWORD [Arr+ebx*4], r10d
    68 00000031 6744890C9D[04000000]      mov DWORD [Arr+ebx*4+4], r9d
    69 0000003A 41B001                  mov r8b, 1
    70                                 
    71                                 j_endif:
    72                                 
    73 0000003D FFC3                    inc ebx
    74 0000003F 39CB                    cmp ebx, ecx
    75 00000041 72CC                    jb j_loop
    76                                 
    77                                 j_endloop:
    78                                 
    79 00000043 4180F800                cmp r8b, 0
    80 00000047 7402                    je i_endloop
    81                                 
    82                                 
    83 00000049 FFC9                    dec ecx
    84 0000004B 75BA                    jnz i_loop
    85                                 
    86                                 i_endloop:
    87                                 
    88 0000004D 48C7C03C000000          mov rax, 60
    89 00000054 48C7C700000000          mov rdi, 0
    90 0000005B 0F05                    syscall
