     1                                 %line 1+1 ../../textbook/ch08/sqpyramids.asm
     2                                 [section .data]
     3 00000000 4B100000710600008F-     Sides dd 4171, 1649, 1935, 4362, 2619,
     4 00000000 0700000A1100003B0A-
     5 00000000 0000               
     6 00000014 F70900009D050000F2-     dd 2551, 1437, 2546, 2072, 4501,
     7 00000014 090000180800009511-
     8 00000014 0000               
     9 00000028 34050000AB0D000098-     dd 1332, 3499, 1688, 4097, 2082,
    10 00000028 060000011000002208-
    11 00000028 0000               
    12 0000003C B40700001B0B00006D-     dd 1972, 2843, 2669, 1368, 1807,
    13 0000003C 0A0000580500000F07-
    14 0000003C 0000               
    15 00000050 460E00009212000001-     dd 3654, 4754, 3585, 3547, 1933,
    16 00000050 0E0000DB0D00008D07-
    17 00000050 0000               
    18 00000064 D10A00005506000017-     dd 2769, 1621, 3863, 1864, 3348,
    19 00000064 0F000048070000140D-
    20 00000064 0000               
    21 00000078 90070000460C0000CA-     dd 1936, 3142, 3786, 4512, 3416,
    22 00000078 0E0000A0110000580D-
    23 00000078 0000               
    24 0000008C 2B100000B90A0000A7-     dd 4139, 2745, 1191, 3685, 3902,
    25 0000008C 040000650E00003E0F-
    26 0000008C 0000               
    27 000000A0 FE0900006206000066-     dd 2558, 1634, 4454, 1627, 3676,
    28 000000A0 1100005B0600005C0E-
    29 000000A0 0000               
    30 000000B4 1D120000890B000008-     dd 4637, 2953, 1288, 4326, 2160
    31 000000B4 050000E61000007008-
    32 000000B4 0000               
    33                                 
    34 000000C8 D10B00005B0B00007F-     Heights dd 3025, 2907, 2943, 2290, 1186,
    35 000000C8 0B0000F2080000A204-
    36 000000C8 0000               
    37 000000DC 57080000660E000071-     dd 2135, 3686, 3441, 1762, 1794,
    38 000000DC 0D0000E20600000207-
    39 000000DC 0000               
    40 000000F0 35120000E40A000008-     dd 4661, 2788, 2824, 4712, 4855,
    41 000000F0 0B000068120000F712-
    42 000000F0 0000               
    43 00000104 320F0000D508000011-     dd 3890, 2261, 4369, 2664, 1209,
    44 00000104 110000680A0000B904-
    45 00000104 0000               
    46 00000118 170A0000F0070000F8-     dd 2583, 2032, 3576, 1084, 2226,
    47 00000118 0D00003C040000B208-
    48 00000118 0000               
    49 0000012C 051300006A040000F6-     dd 4869, 1130, 2550, 2855, 2807,
    50 0000012C 090000270B0000F70A-
    51 0000012C 0000               
    52 00000140 69040000B805000088-     dd 1129, 1464, 4488, 1660, 4030,
    53 00000140 1100007C060000BE0F-
    54 00000140 0000               
    55 00000154 6D0E0000EC10000019-     dd 3693, 4332, 3609, 4034, 3963,
    56 00000154 0E0000C20F00007B0F-
    57 00000154 0000               
    58 00000168 E4040000860D0000D3-     dd 1252, 3462, 2259, 1419, 4048,
    59 00000168 0800008B050000D00F-
    60 00000168 0000               
    61 0000017C BB120000280F0000E4-     dd 4795, 3880, 2276, 3848, 2235
    62 0000017C 080000080F0000BB08-
    63 0000017C 0000               
    64                                 
    65                                  N equ 50
    66                                 
    67                                 [section .bss]
    68 00000000 <gap>                   AreaAvg resd 1
    69 00000004 <gap>                   AreaMax resd 1
    70 00000008 <gap>                   AreaMin resd 1
    71                                 
    72 0000000C <gap>                   VolAvg resd 1
    73 00000010 <gap>                   VolMax resd 1
    74 00000014 <gap>                   VolMin resd 1
    75                                 
    76                                 [section .text]
    77                                 [global _start]
    78                                 
    79                                 _start:
    80                                 
    81                                 
    82                                 
    83                                 
