     1                                 %line 1+1 ../../textbook/ch08/sqrt.asm
     2                                 [section .data]
     3 00000000 AD39A730B23B4FBCE1-     Src dd 816265645, 3159309234, 3590723297, 1638587572, 3065398782,
     4 00000000 1606D6B4DCAA61FE45-
     5 00000000 B6B6               
     6 00000014 88410546FA230A2D4F-     dd 1174749576, 755639290, 2864156751, 3847614174, 2482430180,
     7 00000014 90B7AADEEE55E5E4E0-
     8 00000014 F693               
     9 00000028 1543E34FA20BF62077-     dd 1340293909, 552995746, 3897018743, 2362120600, 1553755880,
    10 00000028 C947E89819CB8CE86E-
    11 00000028 9C5C               
    12 0000003C E0203D106DF0D321A8-     dd 272441568, 567537773, 1135592872, 2512039951, 2342167270,
    13 0000003C C5AF430FB0BA95E6A2-
    14 0000003C 9A8B               
    15 00000050 56F87E74841DFBABED-     dd 1954478166, 2885361028, 35066349, 462300226, 1374852696,
    16 00000050 11170242248E1B5896-
    17 00000050 F251               
    18 00000064 F01ED116B2FDB948CF-     dd 382803696, 1220148658, 3370649039, 968190228, 2148827474,
    19 00000064 05E8C81469B5395281-
    20 00000064 1480               
    21 00000078 4686E11B485FF13F6B-     dd 467764806, 1072783176, 3985537899, 3978429400, 3023801567,
    22 00000078 7B8EEDD80322EDDF8C-
    23 00000078 3BB4               
    24 0000008C 74ED3DAAC45CECA225-     dd 2856185204, 2733399236, 500260645, 371292627, 2827006044,
    25 0000008C 5FD11DD37921165CB0-
    26 0000008C 80A8               
    27 000000A0 6FE25CA8FF908BCB82-     dd 2824659567, 3414921471, 1766199170, 1639865385, 3806734751,
    28 000000A0 0F4669295CBE619F29-
    29 000000A0 E6E2               
    30 000000B4 8AE1FD94FE5F434D1F-     dd 2499666314, 1296261118, 2476266015, 1716681025, 2097830662,
    31 000000B4 D2989341795266065B-
    32 000000B4 0A7D               
    33 000000C8 0000000002000000FF-     dd 0, 2, 4294967295
    34 000000C8 FFFFFF             
    35                                 
    36                                  N equ 53
    37                                 
    38                                 [section .bss]
    39 00000000 <gap>                   Dst resd N
    40                                 
    41                                 [section .text]
    42                                 [global _start]
    43                                 
    44                                 _start:
    45                                 
    46                                 
    47                                 
    48                                 
    49                                 
    50                                 
    51                                 
    52                                 
    53                                 
    54                                 
    55                                 
    56                                 
    57                                 
    58                                 
    59                                 
    60 00000000 B935000000              mov ecx, N
    61 00000005 BB00000000              mov ebx, 0
    62                                 arr_loop:
    63 0000000A 67448B049D[00000000]      mov r8d, DWORD [Src+ebx*4]
    64 00000013 BE00000000              mov esi, 0
    65 00000018 4489C7                  mov edi, r8d
    66                                 bin_loop:
    67                                 
    68 0000001B 4189F9                  mov r9d, edi
    69 0000001E 4129F1                  sub r9d, esi
    70 00000021 41D1E9                  shr r9d, 1
    71 00000024 4101F1                  add r9d, esi
    72                                 
    73                                 
    74 00000027 4489C8                  mov eax, r9d
    75 0000002A 48F7E0                  mul rax
    76                                 
    77                                 
    78 0000002D 4C39C0                  cmp rax, r8
    79 00000030 7603                    jbe c_elif_1
    80 00000032 4489CF                  mov edi, r9d
    81 00000035 EB0A                    jmp c_endif
    82                                 c_elif_1:
    83                                 
    84 00000037 4C39C0                  cmp rax, r8
    85 0000003A 7303                    jae c_elif_2
    86 0000003C 4489CE                  mov esi, r9d
    87 0000003F EB00                    jmp c_endif
    88                                 c_elif_2:
    89                                 
    90                                 
    91 00000041 EB07                    jmp end_bin_loop
    92                                 c_endif:
    93 00000043 89F8                    mov eax, edi
    94 00000045 29F0                    sub eax, esi
    95 00000047 83F801                  cmp eax, 1
    96 0000004A 77CD                    ja bin_loop
    97                                 end_bin_loop:
    98 0000004C 6744890C9D[00000000]      mov DWORD [Dst+ebx*4], r9d
    99 00000055 FFC3                    inc ebx
   100 00000057 E2AF                    loop arr_loop
   101                                 
   102                                 
   103 00000059 48C7C03C000000          mov rax, 60
   104 00000060 48C7C700000000          mov rdi, 0
   105 00000067 0F05                    syscall
