     1                                 %line 3+1 constants.asm
     2                                 [section .rodata]
     3                                 
     4                                  LF equ 0x0a
     5                                 
     6                                 
     7                                  SYS_read equ 0
     8                                  SYS_write equ 1
     9                                  SYS_open equ 2
    10                                  SYS_close equ 3
    11                                  SYS_lseek equ 8
    12                                  SYS_exit equ 60
    13                                 
    14                                 
    15                                  SYS_stdin equ 0
    16                                  SYS_stdout equ 1
    17                                  SYS_stderr equ 2
    18                                 
    19                                 
    20                                  O_ACCMODE equ 00000003
    21                                  O_RDONLY equ 00000000
    22                                  O_WRONLY equ 00000001
    23                                  O_RDWR equ 00000002
    24                                  O_CREAT equ 00000100
    25                                  O_EXCL equ 00000200
    26                                  O_NOCTTY equ 00000400
    27                                  O_TRUNC equ 00001000
    28                                  O_APPEND equ 00002000
    29                                  O_NONBLOCK equ 00004000
    30                                  O_DSYNC equ 00010000
    31                                  FASYNC equ 00020000
    32                                  O_DIRECT equ 00040000
    33                                  O_LARGEFILE equ 00100000
    34                                  O_DIRECTORY equ 00200000
    35                                  O_NOFOLLOW equ 00400000
    36                                  O_NOATIME equ 01000000
    37                                  O_CLOEXEC equ 02000000
    38                                 
    39                                  S_IRWXU equ 00700
    40                                  S_IRUSR equ 00400
    41                                  S_IWUSR equ 00200
    42                                  S_IXUSR equ 00100
    43                                 
    44                                  S_IRWXG equ 00070
    45                                  S_IRGRP equ 00040
    46                                  S_IWGRP equ 00020
    47                                  S_IXGRP equ 00010
    48                                 
    49                                  S_IRWXO equ 00007
    50                                  S_IROTH equ 00004
    51                                  S_IWOTH equ 00002
    52                                  S_IXOTH equ 00001
    53                                 
    54                                 
    55                                  SEEK_SET equ 0
    56                                  SEEK_CUR equ 1
    57                                  SEEK_END equ 2
    58                                 
    59                                 
    60                                  EXIT_success equ 0
    61                                  EXIT_failure equ 1
    62                                 %line 2+1 printline_only.asm
    63                                 
    64                                 [section .rodata]
    65 00000000 0A                      LFc db LF
    66                                 
    67                                 [section .text]
    68                                 [global printline]
    69                                 printline:
    70                                 
    71                                 
    72                                 
    73                                 
    74                                 
    75                                 
    76                                 
    77 00000000 4883FF00                cmp rdi, 0
    78 00000004 7442                    jz printline_end
    79                                 
    80                                 
    81 00000006 4889FE                  mov rsi, rdi
    82                                 printline_strlen_loop:
    83 00000009 803E00                  cmp BYTE [rsi], 0
    84 0000000C 7403                    jz printline_strlen_loop_end
    85 0000000E 48FFC6                  inc rsi
    86 00000011 EBF4                    jmp printline_strlen_loop
    87                                 printline_strlen_loop_end:
    88                                 
    89 00000013 4889F2                  mov rdx, rsi
    90 00000016 4829FA                  sub rdx, rdi
    91 00000019 4889FE                  mov rsi, rdi
    92 0000001C 48C7C701000000          mov rdi, SYS_stdout
    93 00000023 48C7C001000000          mov rax, SYS_write
    94 0000002A 0F05                    syscall
    95                                 
    96 0000002C 48C7C201000000          mov rdx, 1
    97 00000033 48C7C6[00000000]        mov rsi, LFc
    98 0000003A 48C7C701000000          mov rdi, SYS_stdout
    99 00000041 48C7C001000000          mov rax, SYS_write
   100 00000048 0F05                    syscall
   101                                 printline_end:
   102 0000004A C3                     ret
   103                                 %line 2+1 fload_only.asm
   104                                 
   105                                 
   106                                 [section .text]
   107                                 [global fload]
   108                                 fload:
   109                                 
   110                                 
   111                                 
   112                                 
   113                                 
   114                                 
   115                                 
   116                                 
   117                                 
   118                                 
   119                                 
   120                                 
   121                                 
   122                                 %line 25+1 fload_only.asm
   123 0000004B 55                      push rbp
   124 0000004C 4889E5                  mov rbp, rsp
   125 0000004F 4883EC28                sub rsp, 40
   126                                 
   127                                 
   128 00000053 48897DF8                mov QWORD [rbp-8], rdi
   129 00000057 488975F0                mov QWORD [rbp-16], rsi
   130                                 
   131 0000005B 48C745E0FFFFFFFF        mov QWORD [rbp-32], -1
   132 00000063 48C745D800000000        mov QWORD [rbp-40], 0
   133                                 
   134                                 
   135 0000006B 4883FA00                cmp rdx, 0
   136 0000006F 0F8C9E000000            jl fload_finish
   137 00000075 4883FE00                cmp rsi, 0
   138 00000079 7C6F                    jl fload_err_null_buf_ptr
   139 0000007B 4883FF00                cmp rdi, 0
   140 0000007F 7C72                    jl fload_err_null_file_path
   141                                 
   142 00000081 48FFCA                  dec rdx
   143 00000084 488955E8                mov QWORD [rbp-24], rdx
   144                                 
   145                                 
   146 00000088 48C7C200000000          mov rdx, 0
   147 0000008F 48C7C600000000          mov rsi, 0
   148 00000096 4883CE00                or rsi, O_RDONLY
   149                                 
   150 0000009A 48C7C002000000          mov rax, SYS_open
   151 000000A1 0F05                    syscall
   152 000000A3 4883F800                cmp rax, 0
   153 000000A7 7C65                    jl fload_err_open
   154 000000A9 488945E0                mov QWORD [rbp-32], rax
   155                                 
   156                                 
   157 000000AD 488B55E8                mov rdx, QWORD [rbp-24]
   158 000000B1 488B75F0                mov rsi, QWORD [rbp-16]
   159 000000B5 488B7DE0                mov rdi, QWORD [rbp-32]
   160 000000B9 48C7C000000000          mov rax, SYS_read
   161 000000C0 0F05                    syscall
   162 000000C2 4883F800                cmp rax, 0
   163 000000C6 7C34                    jl fload_err_read
   164 000000C8 488945D8                mov QWORD [rbp-40], rax
   165                                 
   166                                 
   167 000000CC 488B75F0                mov rsi, QWORD [rbp-16]
   168 000000D0 488D3406                lea rsi, BYTE [rsi+rax]
   169 000000D4 C60600                  mov BYTE [rsi], 0
   170                                 
   171                                 
   172 000000D7 488B7DE0                mov rdi, QWORD [rbp-32]
   173 000000DB 48C7C003000000          mov rax, SYS_close
   174 000000E2 0F05                    syscall
   175 000000E4 4883F800                cmp rax, 0
   176 000000E8 7C1B                    jl fload_err_close
   177                                 
   178 000000EA EB2B                    jmp fload_finish
   179                                 fload_err_null_buf_ptr:
   180 000000EC 48C7C0FBFFFFFF          mov rax, -5
   181 000000F3 EB26                    jmp fload_end
   182                                 fload_err_null_file_path:
   183 000000F5 48C7C0FCFFFFFF          mov rax, -4
   184 000000FC EB1D                    jmp fload_end
   185                                 fload_err_read:
   186 000000FE 48C7C0FDFFFFFF          mov rax, -3
   187 00000105 EB14                    jmp fload_end
   188                                 fload_err_close:
   189 00000107 48C7C0FEFFFFFF          mov rax, -2
   190 0000010E EB0B                    jmp fload_end
   191                                 fload_err_open:
   192 00000110 48C7C0FFFFFFFF          mov rax, -1
   193 00000117 EB02                    jmp fload_end
   194                                 fload_finish:
   195 00000119 488B45D8                mov rax, QWORD [rbp-40]
   196                                 fload_end:
   197 0000011D 4889EC                  mov rsp, rbp
   198 00000120 5D                      pop rbp
   199 00000121 C3                     ret
   200                                 %line 4+1 cat.asm
   201                                 
   202                                 
   203                                 [section .rodata]
   204 00000001 6661696C656420746F-     EREAD db "failed to read file.", 0
   205 00000001 20726561642066696C-
   206 00000001 652E00             
   207 00000016 6E6F2066696C652073-     ENOFILE db "no file specified.", 0
   208 00000016 70656369666965642E-
   209 00000016 00                 
   210                                  BufSz equ 65535
   211                                 
   212                                 [section .bss]
   213 00000000 <gap>                   Buf resb BufSz
   214                                 
   215                                 [section .text]
   216                                 [global _start]
   217                                 _start:
   218                                 
   219 00000122 55                      push rbp
   220 00000123 4889E5                  mov rbp, rsp
   221                                 
   222                                 
   223 00000126 4C8B6508                mov r12, QWORD [rbp+8]
   224 0000012A 4C8D6D18                lea r13, QWORD [rbp+24]
   225 0000012E 4983FC01                cmp r12, 1
   226 00000132 7E45                    jle _start_err_no_file
   227                                 
   228                                 
   229 00000134 48C7C2FFFF0000          mov rdx, BufSz
   230 0000013B 48C7C6[00000000]        mov rsi, Buf
   231 00000142 498B7D00                mov rdi, QWORD [r13]
   232 00000146 E8FBFEFFFF              call fload
   233 0000014B 4883F800                cmp rax, 0
   234 0000014F 7C13                    jl _start_err_read
   235                                 
   236                                 
   237 00000151 48C7C7[00000000]        mov rdi, Buf
   238 00000158 E89EFEFFFF              call printline
   239 0000015D 48C7C700000000          mov rdi, EXIT_success
   240 00000164 EB26                    jmp _start_finish
   241                                 _start_err_read:
   242 00000166 48C7C7[00000000]        mov rdi, EREAD
   243 0000016D E889FEFFFF              call printline
   244 00000172 48C7C702000000          mov rdi, 2
   245 00000179 EB11                    jmp _start_finish
   246                                 _start_err_no_file:
   247 0000017B 48C7C7[00000000]        mov rdi, ENOFILE
   248 00000182 E874FEFFFF              call printline
   249 00000187 48C7C701000000          mov rdi, 1
   250                                 _start_finish:
   251 0000018E 48C7C700000000          mov rdi, EXIT_success
   252 00000195 48C7C03C000000          mov rax, SYS_exit
   253 0000019C 0F05                    syscall
