     1                                 %line 1+1 ../../textbook/ch09/palin.asm
     2                                 [section .data]
     3 00000000 41206D616E2C206120-     Phrase db "A man, a plan, a canal — Panama!", 0
     4 00000000 706C616E2C20612063-
     5 00000000 616E616C20E2809420-
     6 00000000 50616E616D612100   
     7                                 
     8                                 
     9                                 
    10                                 
    11                                 
    12 00000023 304161                  RangeStarts db 0x30, 0x41, 0x61
    13 00000026 395A7A                  RangeEnds db 0x39, 0x5a, 0x7a
    14                                 
    15                                  NRANGES equ 3
    16                                 
    17                                 [section .text]
    18                                 [global _start]
    19                                 
    20                                 
    21                                 
    22                                 
    23                                 
    24                                 
    25                                 
    26                                 
    27                                 
    28                                 
    29                                 
    30                                 
    31                                 
    32                                 _start:
    33 00000000 48C7C6[00000000]        mov rsi, Phrase
    34                                 
    35                                 push_loop:
    36 00000007 803E00                  cmp BYTE [rsi], 0
    37 0000000A 7500                    jne push_loop_cont
    38 0000000C EB3D                    jmp push_loop_end
    39                                 
    40                                 push_loop_cont:
    41 0000000E 49C7C6[00000000]        mov r14, RangeStarts
    42 00000015 49C7C7[00000000]        mov r15, RangeEnds
    43 0000001C 48C7C103000000          mov rcx, NRANGES
    44                                 
    45                                 push_check_ascii_loop:
    46 00000023 418A07                  mov al, BYTE [r15]
    47 00000026 412A06                  sub al, BYTE [r14]
    48 00000029 8A1E                    mov bl, BYTE [rsi]
    49 0000002B 412A1E                  sub bl, BYTE [r14]
    50                                 
    51 0000002E 38C3                    cmp bl, al
    52 00000030 7608                    jbe push_accept_ascii
    53                                 
    54 00000032 49FFC6                  inc r14
    55 00000035 49FFC7                  inc r15
    56 00000038 E2E7                    loop push_check_ascii_loop
    57 0000003A EB0A                    jmp push_end_ascii_check
    58                                 
    59                                 push_accept_ascii:
    60                                 
    61                                 
    62 0000003C 48C7C000000000          mov rax, 0
    63 00000043 8A06                    mov al, BYTE [rsi]
    64 00000045 24DF                    and al, 0xdf
    65 00000047 50                      push rax
    66                                 
    67                                 push_end_ascii_check:
    68 00000048 48FFC6                  inc rsi
    69 0000004B EBB8                    jmp push_loop
    70                                 
    71                                 push_loop_end:
    72                                 
    73 0000004D 48C7C6[00000000]        mov rsi, Phrase
    74 00000054 48C7C700000000          mov rdi, 0
    75                                 pop_loop:
    76 0000005B 803E00                  cmp BYTE [rsi], 0
    77 0000005E 7500                    jne pop_loop_cont
    78 00000060 EB50                    jmp pop_loop_end
    79                                 
    80                                 pop_loop_cont:
    81 00000062 49C7C6[00000000]        mov r14, RangeStarts
    82 00000069 49C7C7[00000000]        mov r15, RangeEnds
    83 00000070 48C7C103000000          mov rcx, NRANGES
    84                                 
    85                                 pop_check_ascii_loop:
    86 00000077 418A07                  mov al, BYTE [r15]
    87 0000007A 412A06                  sub al, BYTE [r14]
    88 0000007D 8A1E                    mov bl, BYTE [rsi]
    89 0000007F 412A1E                  sub bl, BYTE [r14]
    90                                 
    91 00000082 38C3                    cmp bl, al
    92 00000084 7608                    jbe pop_accept_ascii
    93                                 
    94 00000086 49FFC6                  inc r14
    95 00000089 49FFC7                  inc r15
    96 0000008C E2E7                    loop pop_check_ascii_loop
    97 0000008E EB16                    jmp pop_end_ascii_check
    98                                 
    99                                 pop_accept_ascii:
   100                                 
   101                                 
   102 00000090 48C7C000000000          mov rax, 0
   103 00000097 48C7C300000000          mov rbx, 0
   104 0000009E 8A06                    mov al, BYTE [rsi]
   105 000000A0 24DF                    and al, 0xdf
   106 000000A2 5B                      pop rbx
   107 000000A3 4839D8                  cmp rax, rbx
   108 000000A6 7503                    jne not_palindrome
   109                                 
   110                                 pop_end_ascii_check:
   111 000000A8 48FFC6                  inc rsi
   112 000000AB EBAC                    jmp pop_loop
   113                                 
   114                                 not_palindrome:
   115 000000AD 48C7C701000000          mov rdi, 1
   116                                 
   117                                 pop_loop_end:
   118                                 
   119                                 prog_exit:
   120 000000B4 48C7C03C000000          mov rax, 60
   121 000000BB 0F05                    syscall
