     1                                 %line 1+1 ../../textbook/ch09/reverse.asm
     2                                 [section .data]
     3 00000000 2F0600008414000037-     Arr dd 1583, 5252, 6711, 3040, 4600,
     4 00000000 1A0000E00B0000F811-
     5 00000000 0000               
     6 00000014 7F05000081190000B2-     dd 1407, 6529, 2226, 5083, 1682,
     7 00000014 080000DB1300009206-
     8 00000014 0000               
     9 00000028 BB180000C9150000DE-     dd 6331, 5577, 3806, 3937, 4706,
    10 00000028 0E0000610F00006212-
    11 00000028 0000               
    12 0000003C 210C0000EE07000080-     dd 3105, 2030, 7040, 2857, 1037,
    13 0000003C 1B0000290B00000D04-
    14 0000003C 0000               
    15 00000050 F60500004B18000094-     dd 1526, 6219, 8340, 5884, 5613,
    16 00000050 200000FC160000ED15-
    17 00000050 0000               
    18 00000064 5B0C000058160000C8-     dd 3163, 5720, 8392, 6586, 7609,
    19 00000064 200000BA190000B91D-
    20 00000064 0000               
    21 00000078 F20F0000291B000030-     dd 4082, 6953, 8752, 7408, 8430,
    22 00000078 220000F01C0000EE20-
    23 00000078 0000               
    24 0000008C 6B0B00006C15000094-     dd 2923, 5484, 6548, 6000, 5086,
    25 0000008C 19000070170000DE13-
    26 0000008C 0000               
    27 000000A0 2A100000E60C0000D0-     dd 4138, 3302, 4048, 6656, 9219,
    28 000000A0 0F0000001A00000324-
    29 000000A0 0000               
    30 000000B4 B81D000059120000C8-     dd 7608, 4697, 4040, 5799, 4325,
    31 000000B4 0F0000A7160000E510-
    32 000000B4 0000               
    33                                 
    34                                  Len equ 50
    35                                 
    36                                 [section .text]
    37                                 [global _start]
    38                                 
    39                                 _start:
    40                                 
    41 00000000 48C7C132000000          mov rcx, Len
    42 00000007 48C7C300000000          mov rbx, 0
    43                                 push_loop:
    44 0000000E 8B049D[00000000]        mov eax, DWORD [Arr+rbx*4]
    45 00000015 50                      push rax
    46 00000016 48FFC3                  inc rbx
    47 00000019 E2F1                    loop push_loop
    48                                 
    49                                 
    50 0000001B 48C7C132000000          mov rcx, Len
    51 00000022 48C7C300000000          mov rbx, 0
    52                                 pop_loop:
    53 00000029 58                      pop rax
    54 0000002A 89049D[00000000]        mov DWORD [Arr+rbx*4], eax
    55 00000031 48FFC3                  inc rbx
    56 00000034 E2F1                    loop pop_loop
    57                                 
    58                                 
    59 00000036 48C7C03C000000          mov rax, 60
    60 0000003D 48C7C700000000          mov rdi, 0
    61 00000044 0F05                    syscall
    62                                 
