     1                                 %line 3+1 constants.asm
     2                                 [section .rodata]
     3                                 
     4                                  LF equ 0x0a
     5                                 
     6                                 
     7                                  SYS_read equ 0
     8                                  SYS_write equ 1
     9                                  SYS_open equ 2
    10                                  SYS_close equ 3
    11                                  SYS_lseek equ 8
    12                                  SYS_exit equ 60
    13                                 
    14                                 
    15                                  SYS_stdin equ 0
    16                                  SYS_stdout equ 1
    17                                  SYS_stderr equ 2
    18                                 
    19                                 
    20                                  O_ACCMODE equ 00000003
    21                                  O_RDONLY equ 00000000
    22                                  O_WRONLY equ 00000001
    23                                  O_RDWR equ 00000002
    24                                  O_CREAT equ 00000100
    25                                  O_EXCL equ 00000200
    26                                  O_NOCTTY equ 00000400
    27                                  O_TRUNC equ 00001000
    28                                  O_APPEND equ 00002000
    29                                  O_NONBLOCK equ 00004000
    30                                  O_DSYNC equ 00010000
    31                                  FASYNC equ 00020000
    32                                  O_DIRECT equ 00040000
    33                                  O_LARGEFILE equ 00100000
    34                                  O_DIRECTORY equ 00200000
    35                                  O_NOFOLLOW equ 00400000
    36                                  O_NOATIME equ 01000000
    37                                  O_CLOEXEC equ 02000000
    38                                 
    39                                  S_IRWXU equ 00700
    40                                  S_IRUSR equ 00400
    41                                  S_IWUSR equ 00200
    42                                  S_IXUSR equ 00100
    43                                 
    44                                  S_IRWXG equ 00070
    45                                  S_IRGRP equ 00040
    46                                  S_IWGRP equ 00020
    47                                  S_IXGRP equ 00010
    48                                 
    49                                  S_IRWXO equ 00007
    50                                  S_IROTH equ 00004
    51                                  S_IWOTH equ 00002
    52                                  S_IXOTH equ 00001
    53                                 
    54                                 
    55                                  SEEK_SET equ 0
    56                                  SEEK_CUR equ 1
    57                                  SEEK_END equ 2
    58                                 
    59                                 
    60                                  EXIT_success equ 0
    61                                  EXIT_failure equ 1
    62                                 %line 2+1 abs.asm
    63                                 
    64                                 %line 6+1 abs.asm
    65                                 
    66                                 %line 10+1 abs.asm
    67                                 
    68                                 
    69                                 [section .rodata]
    70 00000000 00000000                Zrof dd 0.0
    71 00000004 000080BF                Negf dd -1.0
    72                                 
    73 00000008 0000000000000000        Zrod dq 0.0
    74 00000010 000000000000F0BF        Negd dq -1.0
    75                                 
    76                                 [section .data]
    77 00000000 BBB8D5BE                Numf0 dd -0.417425
    78 00000004 09C63D3F                Numf1 dd 0.741303
    79 00000008 950C603E                Numf2 dd 0.218798
    80 0000000C 8750C5BD                Numf3 dd -0.096345
    81 00000010 E068E7BD                Numf4 dd -0.112993
    82                                 
    83 00000014 60BF09B875D3D3BF        Numd0 dq -0.309781484341320
    84 0000001C 279A0C921BF3D3BF        Numd1 dq -0.311713116289328
    85 00000024 0E170E1F97D4E1BF        Numd2 dq -0.557200966505407
    86 0000002C 2CC3419A6112E83F        Numd3 dq 0.752243806155183
    87 00000034 D242297744BAB1BF        Numd4 dq -0.069248465625843
    88                                 
    89                                 [section .text]
    90                                 [global _start]
    91                                 _start:
    92                                 
    93 00000000 812425[00000000]FF-     and DWORD [Numf0], 0x7fffffff
    94 00000000 FFFF7F             
    95 0000000B 812425[00000000]FF-     and DWORD [Numf1], 0x7fffffff
    96 0000000B FFFF7F             
    97 00000016 812425[00000000]FF-     and DWORD [Numf2], 0x7fffffff
    98 00000016 FFFF7F             
    99 00000021 812425[00000000]FF-     and DWORD [Numf3], 0x7fffffff
   100 00000021 FFFF7F             
   101 0000002C 812425[00000000]FF-     and DWORD [Numf4], 0x7fffffff
   102 0000002C FFFF7F             
   103                                 
   104 00000037 812425[04000000]FF-     and DWORD [Numd0+4], 0x7fffffff
   105 00000037 FFFF7F             
   106 00000042 812425[04000000]FF-     and DWORD [Numd1+4], 0x7fffffff
   107 00000042 FFFF7F             
   108 0000004D 812425[04000000]FF-     and DWORD [Numd2+4], 0x7fffffff
   109 0000004D FFFF7F             
   110 00000058 812425[04000000]FF-     and DWORD [Numd3+4], 0x7fffffff
   111 00000058 FFFF7F             
   112 00000063 812425[04000000]FF-     and DWORD [Numd4+4], 0x7fffffff
   113 00000063 FFFF7F             
   114                                 
   115                                 
   116                                 
   117                                 
   118                                 
   119                                 
   120                                 
   121                                 
   122 0000006E 48C7C700000000          mov rdi, EXIT_success
   123 00000075 48C7C03C000000          mov rax, SYS_exit
   124 0000007C 0F05                    syscall
