     1                                 %line 3+1 ../../textbook/ch18/constants.asm
     2                                 [section .rodata]
     3                                 
     4                                  LF equ 0x0a
     5                                 
     6                                 
     7                                  SYS_read equ 0
     8                                  SYS_write equ 1
     9                                  SYS_open equ 2
    10                                  SYS_close equ 3
    11                                  SYS_lseek equ 8
    12                                  SYS_exit equ 60
    13                                 
    14                                 
    15                                  SYS_stdin equ 0
    16                                  SYS_stdout equ 1
    17                                  SYS_stderr equ 2
    18                                 
    19                                 
    20                                  O_ACCMODE equ 00000003
    21                                  O_RDONLY equ 00000000
    22                                  O_WRONLY equ 00000001
    23                                  O_RDWR equ 00000002
    24                                  O_CREAT equ 00000100
    25                                  O_EXCL equ 00000200
    26                                  O_NOCTTY equ 00000400
    27                                  O_TRUNC equ 00001000
    28                                  O_APPEND equ 00002000
    29                                  O_NONBLOCK equ 00004000
    30                                  O_DSYNC equ 00010000
    31                                  FASYNC equ 00020000
    32                                  O_DIRECT equ 00040000
    33                                  O_LARGEFILE equ 00100000
    34                                  O_DIRECTORY equ 00200000
    35                                  O_NOFOLLOW equ 00400000
    36                                  O_NOATIME equ 01000000
    37                                  O_CLOEXEC equ 02000000
    38                                 
    39                                  S_IRWXU equ 00700
    40                                  S_IRUSR equ 00400
    41                                  S_IWUSR equ 00200
    42                                  S_IXUSR equ 00100
    43                                 
    44                                  S_IRWXG equ 00070
    45                                  S_IRGRP equ 00040
    46                                  S_IWGRP equ 00020
    47                                  S_IXGRP equ 00010
    48                                 
    49                                  S_IRWXO equ 00007
    50                                  S_IROTH equ 00004
    51                                  S_IWOTH equ 00002
    52                                  S_IXOTH equ 00001
    53                                 
    54                                 
    55                                  SEEK_SET equ 0
    56                                  SEEK_CUR equ 1
    57                                  SEEK_END equ 2
    58                                 
    59                                 
    60                                  EXIT_success equ 0
    61                                  EXIT_failure equ 1
    62                                 %line 2+1 ../../textbook/ch18/printline_only.asm
    63                                 
    64                                 
    65                                 [section .text]
    66                                 [global printline]
    67                                 printline:
    68                                 
    69                                 
    70                                 
    71                                 
    72                                 
    73                                 %line 13+1 ../../textbook/ch18/printline_only.asm
    74 00000000 55                      push rbp
    75 00000001 4889E5                  mov rbp, rsp
    76 00000004 48FFCC                  dec rsp
    77 00000007 C645FF0A                mov BYTE [rbp-1], 0x0a
    78                                 
    79                                 
    80 0000000B 4883FF00                cmp rdi, 0
    81 0000000F 743F                    jz printline_end
    82                                 
    83                                 
    84 00000011 4889FE                  mov rsi, rdi
    85                                 printline_strlen_loop:
    86 00000014 803E00                  cmp BYTE [rsi], 0
    87 00000017 7403                    jz printline_strlen_loop_end
    88 00000019 48FFC6                  inc rsi
    89 0000001C EBF4                    jmp printline_strlen_loop
    90                                 printline_strlen_loop_end:
    91                                 
    92 0000001E 4889F2                  mov rdx, rsi
    93 00000021 4829FA                  sub rdx, rdi
    94 00000024 4889FE                  mov rsi, rdi
    95 00000027 48C7C701000000          mov rdi, SYS_stdout
    96 0000002E 48C7C001000000          mov rax, SYS_write
    97 00000035 0F05                    syscall
    98                                 
    99 00000037 48C7C201000000          mov rdx, 1
   100 0000003E 488D75FF                lea rsi, BYTE [rbp-1]
   101 00000042 48C7C701000000          mov rdi, SYS_stdout
   102 00000049 48C7C001000000          mov rax, SYS_write
   103 00000050 0F05                    syscall
   104                                 printline_end:
   105 00000052 4889EC                  mov rsp, rbp
   106 00000055 5D                      pop rbp
   107 00000056 C3                     ret
