     1                                 %line 39+1 ../../textbook/ch11/stats.asm
     2                                 
     3                                 
     4                                 [section .data]
     5 00000000 00000000                Arr0 dd 0
     6 00000004 00000000                Len0 dd 0
     7                                 
     8 00000008 2425000047F0FFFF48-     Arr1 dd 9508, -4025, 7496, 5856, -8070
     9 00000008 1D0000E01600007AE0-
    10 00000008 FFFF               
    11 0000001C 05000000                Len1 dd 5
    12                                 
    13 00000020 5D0E000016EBFFFF78-     Arr2 dd 3677, -5354, 9848, 486, -9963
    14 00000020 260000E601000015D9-
    15 00000020 FFFF               
    16 00000034 05000000                Len2 dd 5
    17                                 
    18 00000038 D0FBFFFF381800004D-     Arr3 dd -1072, 6200, 2381, -4375, 6344, -1700, -5925, 127, -2190
    19 00000038 090000E9EEFFFFC818-
    20 00000038 00005CF9FFFFDBE8FF-
    21 00000038 FF7F00000072F7FFFF 
    22 0000005C 09000000                Len3 dd 9
    23                                 
    24                                 [section .bss]
    25 00000000 <gap>                   Tot0 resd 1
    26 00000004 <gap>                   Min0 resd 1
    27 00000008 <gap>                   Max0 resd 1
    28 0000000C <gap>                   Avg0 resd 1
    29                                 
    30 00000010 <gap>                   Tot1 resd 1
    31 00000014 <gap>                   Min1 resd 1
    32 00000018 <gap>                   Max1 resd 1
    33 0000001C <gap>                   Avg1 resd 1
    34                                 
    35 00000020 <gap>                   Tot2 resd 1
    36 00000024 <gap>                   Min2 resd 1
    37 00000028 <gap>                   Max2 resd 1
    38 0000002C <gap>                   Avg2 resd 1
    39                                 
    40 00000030 <gap>                   Tot3 resd 1
    41 00000034 <gap>                   Min3 resd 1
    42 00000038 <gap>                   Max3 resd 1
    43 0000003C <gap>                   Avg3 resd 1
    44                                 
    45                                 [section .text]
    46                                 [global _start]
    47                                 
    48                                 _start:
    49                                 
    50                                 %line 79+0 ../../textbook/ch11/stats.asm
    51                                 
    52                                 
    53                                 
    54                                 
    55                                 
    56 00000000 48C7C6[00000000]        mov rsi, Arr0
    57 00000007 8B0C25[00000000]        mov ecx, DWORD [Len0]
    58 0000000E 83F900                  cmp ecx, 0
    59 00000011 7500                    jne ..@4.stat_prep
    60 00000013 EB55                    jmp ..@4.stat_end
    61                                 ..@4.stat_prep:
    62 00000015 8B3E                    mov edi, DWORD [rsi]
    63 00000017 893C25[00000000]        mov DWORD [Min0], edi
    64 0000001E 893C25[00000000]        mov DWORD [Max0], edi
    65                                 ..@4.stat_loop:
    66 00000025 8B3E                    mov edi, DWORD [rsi]
    67 00000027 013C25[00000000]        add DWORD [Tot0], edi
    68                                 ..@4.check_min:
    69 0000002E 393C25[00000000]        cmp DWORD [Min0], edi
    70 00000035 7E05                    jle ..@4.check_max
    71 00000037 893C25[00000000]        mov DWORD [Min0], edi
    72                                 ..@4.check_max:
    73 0000003E 393C25[00000000]        cmp DWORD [Max0], edi
    74 00000045 7D05                    jge ..@4.check_end
    75 00000047 893C25[00000000]        mov DWORD [Max0], edi
    76                                 ..@4.check_end:
    77 0000004E 4883C604                add rsi, 4
    78 00000052 E2CF                    loop ..@4.stat_loop
    79                                 
    80 00000054 8B1C25[00000000]        mov ebx, DWORD [Len0]
    81 0000005B 8B0425[00000000]        mov eax, DWORD [Tot0]
    82 00000062 99                      cdq
    83 00000063 F7FB                    idiv ebx
    84 00000065 890425[00000000]        mov DWORD [Avg0], eax
    85                                 ..@4.stat_end:
    86                                 %line 80+1 ../../textbook/ch11/stats.asm
    87                                 
    88                                 %line 80+0 ../../textbook/ch11/stats.asm
    89                                 
    90                                 
    91                                 
    92                                 
    93                                 
    94 0000006C 48C7C6[00000000]        mov rsi, Arr1
    95 00000073 8B0C25[00000000]        mov ecx, DWORD [Len1]
    96 0000007A 83F900                  cmp ecx, 0
    97 0000007D 7500                    jne ..@5.stat_prep
    98 0000007F EB55                    jmp ..@5.stat_end
    99                                 ..@5.stat_prep:
   100 00000081 8B3E                    mov edi, DWORD [rsi]
   101 00000083 893C25[00000000]        mov DWORD [Min1], edi
   102 0000008A 893C25[00000000]        mov DWORD [Max1], edi
   103                                 ..@5.stat_loop:
   104 00000091 8B3E                    mov edi, DWORD [rsi]
   105 00000093 013C25[00000000]        add DWORD [Tot1], edi
   106                                 ..@5.check_min:
   107 0000009A 393C25[00000000]        cmp DWORD [Min1], edi
   108 000000A1 7E05                    jle ..@5.check_max
   109 000000A3 893C25[00000000]        mov DWORD [Min1], edi
   110                                 ..@5.check_max:
   111 000000AA 393C25[00000000]        cmp DWORD [Max1], edi
   112 000000B1 7D05                    jge ..@5.check_end
   113 000000B3 893C25[00000000]        mov DWORD [Max1], edi
   114                                 ..@5.check_end:
   115 000000BA 4883C604                add rsi, 4
   116 000000BE E2CF                    loop ..@5.stat_loop
   117                                 
   118 000000C0 8B1C25[00000000]        mov ebx, DWORD [Len1]
   119 000000C7 8B0425[00000000]        mov eax, DWORD [Tot1]
   120 000000CE 99                      cdq
   121 000000CF F7FB                    idiv ebx
   122 000000D1 890425[00000000]        mov DWORD [Avg1], eax
   123                                 ..@5.stat_end:
   124                                 %line 81+1 ../../textbook/ch11/stats.asm
   125                                 
   126                                 %line 81+0 ../../textbook/ch11/stats.asm
   127                                 
   128                                 
   129                                 
   130                                 
   131                                 
   132 000000D8 48C7C6[00000000]        mov rsi, Arr2
   133 000000DF 8B0C25[00000000]        mov ecx, DWORD [Len2]
   134 000000E6 83F900                  cmp ecx, 0
   135 000000E9 7500                    jne ..@6.stat_prep
   136 000000EB EB55                    jmp ..@6.stat_end
   137                                 ..@6.stat_prep:
   138 000000ED 8B3E                    mov edi, DWORD [rsi]
   139 000000EF 893C25[00000000]        mov DWORD [Min2], edi
   140 000000F6 893C25[00000000]        mov DWORD [Max2], edi
   141                                 ..@6.stat_loop:
   142 000000FD 8B3E                    mov edi, DWORD [rsi]
   143 000000FF 013C25[00000000]        add DWORD [Tot2], edi
   144                                 ..@6.check_min:
   145 00000106 393C25[00000000]        cmp DWORD [Min2], edi
   146 0000010D 7E05                    jle ..@6.check_max
   147 0000010F 893C25[00000000]        mov DWORD [Min2], edi
   148                                 ..@6.check_max:
   149 00000116 393C25[00000000]        cmp DWORD [Max2], edi
   150 0000011D 7D05                    jge ..@6.check_end
   151 0000011F 893C25[00000000]        mov DWORD [Max2], edi
   152                                 ..@6.check_end:
   153 00000126 4883C604                add rsi, 4
   154 0000012A E2CF                    loop ..@6.stat_loop
   155                                 
   156 0000012C 8B1C25[00000000]        mov ebx, DWORD [Len2]
   157 00000133 8B0425[00000000]        mov eax, DWORD [Tot2]
   158 0000013A 99                      cdq
   159 0000013B F7FB                    idiv ebx
   160 0000013D 890425[00000000]        mov DWORD [Avg2], eax
   161                                 ..@6.stat_end:
   162                                 %line 82+1 ../../textbook/ch11/stats.asm
   163                                 
   164                                 %line 82+0 ../../textbook/ch11/stats.asm
   165                                 
   166                                 
   167                                 
   168                                 
   169                                 
   170 00000144 48C7C6[00000000]        mov rsi, Arr3
   171 0000014B 8B0C25[00000000]        mov ecx, DWORD [Len3]
   172 00000152 83F900                  cmp ecx, 0
   173 00000155 7500                    jne ..@7.stat_prep
   174 00000157 EB55                    jmp ..@7.stat_end
   175                                 ..@7.stat_prep:
   176 00000159 8B3E                    mov edi, DWORD [rsi]
   177 0000015B 893C25[00000000]        mov DWORD [Min3], edi
   178 00000162 893C25[00000000]        mov DWORD [Max3], edi
   179                                 ..@7.stat_loop:
   180 00000169 8B3E                    mov edi, DWORD [rsi]
   181 0000016B 013C25[00000000]        add DWORD [Tot3], edi
   182                                 ..@7.check_min:
   183 00000172 393C25[00000000]        cmp DWORD [Min3], edi
   184 00000179 7E05                    jle ..@7.check_max
   185 0000017B 893C25[00000000]        mov DWORD [Min3], edi
   186                                 ..@7.check_max:
   187 00000182 393C25[00000000]        cmp DWORD [Max3], edi
   188 00000189 7D05                    jge ..@7.check_end
   189 0000018B 893C25[00000000]        mov DWORD [Max3], edi
   190                                 ..@7.check_end:
   191 00000192 4883C604                add rsi, 4
   192 00000196 E2CF                    loop ..@7.stat_loop
   193                                 
   194 00000198 8B1C25[00000000]        mov ebx, DWORD [Len3]
   195 0000019F 8B0425[00000000]        mov eax, DWORD [Tot3]
   196 000001A6 99                      cdq
   197 000001A7 F7FB                    idiv ebx
   198 000001A9 890425[00000000]        mov DWORD [Avg3], eax
   199                                 ..@7.stat_end:
   200                                 %line 83+1 ../../textbook/ch11/stats.asm
   201                                 
   202                                 
   203 000001B0 48C7C03C000000          mov rax, 60
   204 000001B7 48C7C700000000          mov rdi, 0
   205 000001BE 0F05                    syscall
