     1                                 %line 7+1 ../../textbook/ch12/bubsort.asm
     2                                 
     3                                 
     4                                 [section .data]
     5 00000000 850E0000000000008B-     Arr dq 3717, 5515, 7005, 7666, 8705,
     6 00000000 150000000000005D1B-
     7 00000000 000000000000F21D00-
     8 00000000 000000000001220000-
     9 00000000 00000000           
    10 00000028 4225000000000000F8-     dq 9538, 9464, 4245, 4333, 1193,
    11 00000028 240000000000009510-
    12 00000028 000000000000ED1000-
    13 00000028 0000000000A9040000-
    14 00000028 00000000           
    15 00000050 CF1200000000000028-     dq 4815, 6952, 9429, 6171, 8242,
    16 00000050 1B000000000000D524-
    17 00000050 0000000000001B1800-
    18 00000050 000000000032200000-
    19 00000050 00000000           
    20 00000078 1E20000000000000F8-     dq 8222, 6392, 9266, 3812, 2805,
    21 00000078 180000000000003224-
    22 00000078 000000000000E40E00-
    23 00000078 0000000000F50A0000-
    24 00000078 00000000           
    25 000000A0 5F1C000000000000FA-     dq 7263, 2810, 7961, 7765, 3682,
    26 000000A0 0A000000000000191F-
    27 000000A0 000000000000551E00-
    28 000000A0 0000000000620E0000-
    29 000000A0 00000000           
    30 000000C8 DC1500000000000001-     dq 5596, 2305, 3129, 5867, 6051,
    31 000000C8 09000000000000390C-
    32 000000C8 000000000000EB1600-
    33 000000C8 0000000000A3170000-
    34 000000C8 00000000           
    35 000000F0 1905000000000000DF-     dq 1305, 7647, 7248, 9949, 4249,
    36 000000F0 1D000000000000501C-
    37 000000F0 000000000000DD2600-
    38 000000F0 000000000099100000-
    39 000000F0 00000000           
    40 00000118 731D000000000000DA-     dq 7539, 1242, 9755, 8766, 3331,
    41 00000118 040000000000001B26-
    42 00000118 0000000000003E2200-
    43 00000118 0000000000030D0000-
    44 00000118 00000000           
    45 00000140 E41000000000000013-     dq 4324, 3347, 1244, 2619, 4539,
    46 00000140 0D000000000000DC04-
    47 00000140 0000000000003B0A00-
    48 00000140 0000000000BB110000-
    49 00000140 00000000           
    50 00000168 7609000000000000EC-     dq 2422, 3052, 6186, 4427, 4201,
    51 00000168 0B0000000000002A18-
    52 00000168 0000000000004B1100-
    53 00000168 000000000069100000-
    54 00000168 00000000           
    55                                 
    56 00000190 3200000000000000        Len dq 50
    57                                 
    58                                 [section .text]
    59                                 [global bubsort]
    60                                 [global _start]
    61                                 
    62                                 bubsort:
    63                                 
    64                                 
    65                                 
    66                                 
    67                                 
    68                                 
    69                                 
    70                                 
    71 00000000 48C7C000000000          mov rax, 0
    72 00000007 4883FF00                cmp rdi, 0
    73 0000000B 7448                    jz bubsort_end
    74                                 
    75 0000000D 4883FE00                cmp rsi, 0
    76 00000011 7442                    jz bubsort_end
    77                                 
    78                                 
    79 00000013 4889F8                  mov rax, rdi
    80 00000016 4889F1                  mov rcx, rsi
    81 00000019 48FFC9                  dec rcx
    82                                 bubsort_pass_loop:
    83 0000001C 49C7C000000000          mov r8, 0
    84 00000023 48C7C700000000          mov rdi, 0
    85                                 bubsort_swap_loop:
    86 0000002A 4839CF                  cmp rdi, rcx
    87 0000002D 731E                    jae bubsort_swap_loop_end
    88 0000002F 4C8B14F8                mov r10, QWORD [rax+rdi*8]
    89 00000033 4C8B5CF808              mov r11, QWORD [rax+rdi*8+8]
    90 00000038 4D39DA                  cmp r10, r11
    91 0000003B 7E0B                    jle bubsort_noswap
    92 0000003D 4C891CF8                mov QWORD [rax+rdi*8], r11
    93 00000041 4C8954F808              mov QWORD [rax+rdi*8+8], r10
    94 00000046 4983C801                or r8, 1
    95                                 bubsort_noswap:
    96 0000004A 48FFC7                  inc rdi
    97 0000004D EBD9                    jmp bubsort_swap_loop
    98                                 bubsort_swap_loop_end:
    99 0000004F 4983F800                cmp r8, 0
   100 00000053 7400                    jz bubsort_end
   101 00000055 E2C3                    loop bubsort_pass_loop
   102                                 bubsort_end:
   103 00000057 C3                     ret
   104                                 
   105                                 
   106                                 _start:
   107                                 
   108                                 %line 72+0 ../../textbook/ch12/bubsort.asm
   109 00000058 488B3425[00000000]      mov rsi, QWORD [Len]
   110 00000060 48C7C7[00000000]        mov rdi, Arr
   111 00000067 E88FFFFFFF              call bubsort
   112                                 %line 73+1 ../../textbook/ch12/bubsort.asm
   113                                 
   114                                 
   115 0000006C 48C7C03C000000          mov rax, 60
   116 00000073 48C7C700000000          mov rdi, 0
   117 0000007A 0F05                    syscall
