     1                                 %line 8+1 ../../textbook/ch12/itosfr.asm
     2                                 
     3                                 
     4                                 [section .data]
     5 00000000 964C50FEFFFFFFFF        Num1 dq - 28291946
     6 00000008 A1CAF51700000000        Num2 dq 401984161
     7 00000010 A4815D0400000000        Num3 dq 73236900
     8 00000018 C374ABE2FFFFFFFF        Num4 dq -492079933
     9 00000020 EB09E90B00000000        Num5 dq 199821803
    10                                 
    11                                 [section .bss]
    12 00000000 <gap>                   Buffer1 resb 32
    13 00000020 <gap>                   Buffer2 resb 32
    14 00000040 <gap>                   Buffer3 resb 32
    15 00000060 <gap>                   Buffer4 resb 32
    16 00000080 <gap>                   Buffer5 resb 32
    17                                 
    18                                 
    19                                 [section .text]
    20                                 [global itosfr]
    21                                 [global _start]
    22                                 
    23                                 itosfr:
    24                                 
    25                                 
    26                                 
    27                                 
    28                                 
    29                                 
    30                                 
    31 00000000 53                      push rbx
    32                                 
    33                                 
    34 00000001 48C7C000000000          mov rax, 0
    35 00000008 4883FF00                cmp rdi, 0
    36 0000000C 0F8499000000            jz itosfr_end
    37                                 
    38 00000012 4883FE00                cmp rsi, 0
    39 00000016 0F848F000000            jz itosfr_end
    40                                 
    41                                 
    42 0000001C 49C7C000000000          mov r8, 0
    43 00000023 48C7C30A000000          mov rbx, 10
    44 0000002A 48C7C100000000          mov rcx, 0
    45 00000031 4889D0                  mov rax, rdx
    46 00000034 4883F800                cmp rax, 0
    47 00000038 7D08                    jge itosfr_push_loop
    48 0000003A 49C7C001000000          mov r8, 1
    49 00000041 48F7D8                  neg rax
    50                                 itosfr_push_loop:
    51 00000044 4899                    cqo
    52 00000046 48F7F3                  div rbx
    53 00000049 52                      push rdx
    54 0000004A 48FFC1                  inc rcx
    55 0000004D 4883F800                cmp rax, 0
    56 00000051 77EF                    ja itosfr_push_loop
    57                                 
    58                                 
    59 00000053 4889F8                  mov rax, rdi
    60 00000056 4983F800                cmp r8, 0
    61 0000005A 7411                    je itosfr_pop_loop_prepare
    62 0000005C 49C7C100000000          mov r9, 0
    63 00000063 41B12D                  mov r9b, "-"
    64 00000066 4983E930                sub r9, "0"
    65 0000006A 4151                    push r9
    66 0000006C 48FFC1                  inc rcx
    67                                 itosfr_pop_loop_prepare:
    68 0000006F 4839F1                  cmp rcx, rsi
    69 00000072 7213                    jb itosfr_digit_underflow
    70                                 itosfr_digit_overflow:
    71 00000074 4989C9                  mov r9, rcx
    72 00000077 4929F1                  sub r9, rsi
    73 0000007A 49FFC1                  inc r9
    74 0000007D 4A8D24CC                lea rsp, QWORD [rsp+r9*8]
    75 00000081 4889F1                  mov rcx, rsi
    76 00000084 48FFC9                  dec rcx
    77 00000087 EB17                    jmp itosfr_pop_loop
    78                                 itosfr_digit_underflow:
    79 00000089 4989F1                  mov r9, rsi
    80 0000008C 4929C9                  sub r9, rcx
    81 0000008F 49FFC9                  dec r9
    82 00000092 4901F9                  add r9, rdi
    83                                 itosfr_pad_loop:
    84 00000095 4C39CF                  cmp rdi, r9
    85 00000098 7306                    jae itosfr_pop_loop
    86 0000009A C60720                  mov BYTE [rdi], " "
    87 0000009D 48FFC7                  inc rdi
    88 000000A0 EBF1                    jmp itosfr_pad_loop
    89                                 itosfr_pop_loop:
    90 000000A2 5A                      pop rdx
    91 000000A3 4883C230                add rdx, "0"
    92 000000A7 8817                    mov BYTE [rdi], dl
    93 000000A9 48FFC7                  inc rdi
    94 000000AC E2F2                    loop itosfr_pop_loop
    95 000000AE C60700                  mov BYTE [rdi], 0
    96                                 
    97                                 itosfr_end:
    98 000000B1 5B                      pop rbx
    99 000000B2 C3                     ret
   100                                 
   101                                 _start:
   102                                 
   103                                 %line 108+0 ../../textbook/ch12/itosfr.asm
   104 000000B3 488B1425[00000000]      mov rdx, QWORD [Num1]
   105 000000BB 48C7C608000000          mov rsi, 8
   106 000000C2 48C7C7[00000000]        mov rdi, Buffer1
   107 000000C9 E82DFFFFFF              call itosfr
   108                                 %line 109+1 ../../textbook/ch12/itosfr.asm
   109                                 
   110                                 %line 109+0 ../../textbook/ch12/itosfr.asm
   111 000000CE 488B1425[00000000]      mov rdx, QWORD [Num2]
   112 000000D6 48C7C608000000          mov rsi, 8
   113 000000DD 48C7C7[00000000]        mov rdi, Buffer2
   114 000000E4 E812FFFFFF              call itosfr
   115                                 %line 110+1 ../../textbook/ch12/itosfr.asm
   116                                 
   117                                 %line 110+0 ../../textbook/ch12/itosfr.asm
   118 000000E9 488B1425[00000000]      mov rdx, QWORD [Num3]
   119 000000F1 48C7C608000000          mov rsi, 8
   120 000000F8 48C7C7[00000000]        mov rdi, Buffer3
   121 000000FF E8F7FEFFFF              call itosfr
   122                                 %line 111+1 ../../textbook/ch12/itosfr.asm
   123                                 
   124                                 %line 111+0 ../../textbook/ch12/itosfr.asm
   125 00000104 488B1425[00000000]      mov rdx, QWORD [Num4]
   126 0000010C 48C7C608000000          mov rsi, 8
   127 00000113 48C7C7[00000000]        mov rdi, Buffer4
   128 0000011A E8DCFEFFFF              call itosfr
   129                                 %line 112+1 ../../textbook/ch12/itosfr.asm
   130                                 
   131                                 %line 112+0 ../../textbook/ch12/itosfr.asm
   132 0000011F 488B1425[00000000]      mov rdx, QWORD [Num5]
   133 00000127 48C7C608000000          mov rsi, 8
   134 0000012E 48C7C7[00000000]        mov rdi, Buffer5
   135 00000135 E8C1FEFFFF              call itosfr
   136                                 %line 113+1 ../../textbook/ch12/itosfr.asm
   137                                 
   138                                 
   139 0000013A 48C7C03C000000          mov rax, 60
   140 00000141 48C7C700000000          mov rdi, 0
   141 00000148 0F05                    syscall
