     1                                 %line 8+1 ../../textbook/ch12/itosd.asm
     2                                 
     3                                 
     4                                 [section .data]
     5 00000000 66A6FFFFFFFFFFFF        Num1 dq -22938
     6 00000008 C74B010000000000        Num2 dq 84935
     7 00000010 FAFAFAFAFAFAFAFA        Num3 dq 0xFAFAFAFAFAFAFAFA
     8 00000018 CDCDCDCDCDCDCDCD        Num4 dq 0xCDCDCDCDCDCDCDCD
     9 00000020 D62B000000000000        Num5 dq 11222
    10 00000028 C7CFFFFFFFFFFFFF        Num6 dq -12345
    11 00000030 31D4000000000000        Num7 dq 54321
    12 00000038 534B000000000000        Num8 dq 19283
    13                                 
    14                                 [section .bss]
    15 00000000 <gap>                   Str1 resb 32
    16 00000020 <gap>                   Str2 resb 32
    17 00000040 <gap>                   Str3 resb 0
    18 00000040 <gap>                   Str4 resb 1
    19 00000041 <gap>                   Str5 resb 4
    20 00000045 <gap>                   Str6 resb 6
    21 0000004B <gap>                   Str7 resb 32
    22 0000006B <gap>                   Str8 resb 32
    23                                 
    24                                 [section .text]
    25                                 [global itosd]
    26                                 [global _start]
    27                                 
    28                                 
    29                                 itosd:
    30                                 
    31                                 
    32                                 
    33                                 
    34                                 
    35                                 
    36                                 
    37                                 
    38 00000000 53                      push rbx
    39 00000001 4154                    push r12
    40                                 
    41                                 
    42 00000003 48C7C000000000          mov rax, 0
    43 0000000A 4883FE00                cmp rsi, 0
    44 0000000E 0F848B000000            jz itosd_end
    45                                 
    46 00000014 4883FA00                cmp rdx, 0
    47 00000018 0F8481000000            jz itosd_end
    48                                 
    49                                 
    50 0000001E 4989D4                  mov r12, rdx
    51 00000021 48C7C30A000000          mov rbx, 10
    52 00000028 49C7C200000000          mov r10, 0
    53 0000002F 49C7C300000000          mov r11, 0
    54 00000036 4889F8                  mov rax, rdi
    55 00000039 4883F800                cmp rax, 0
    56 0000003D 7D08                    jge itosd_push_loop
    57 0000003F 49C7C201000000          mov r10, 1
    58 00000046 48F7D8                  neg rax
    59                                 itosd_push_loop:
    60 00000049 4899                    cqo
    61 0000004B 48F7F3                  div rbx
    62 0000004E 52                      push rdx
    63 0000004F 49FFC3                  inc r11
    64 00000052 4883F800                cmp rax, 0
    65 00000056 77EF                    ja itosd_push_loop
    66 00000058 4C89E2                  mov rdx, r12
    67                                 
    68                                 
    69 0000005B 4889F0                  mov rax, rsi
    70 0000005E 4983FA00                cmp r10, 0
    71 00000062 7411                    je itosd_pop_loop_prepare
    72 00000064 49C7C400000000          mov r12, 0
    73 0000006B 41B42D                  mov r12b, "-"
    74 0000006E 4983EC30                sub r12, "0"
    75 00000072 4154                    push r12
    76 00000074 49FFC3                  inc r11
    77                                 itosd_pop_loop_prepare:
    78 00000077 4939D3                  cmp r11, rdx
    79 0000007A 720E                    jb itosd_pop_loop
    80                                 itosd_digit_overflow:
    81 0000007C 4D89DC                  mov r12, r11
    82 0000007F 4929D4                  sub r12, rdx
    83 00000082 49FFC4                  inc r12
    84 00000085 4A8D24E4                lea rsp, [rsp+r12*8]
    85 00000089 4D29E3                  sub r11, r12
    86                                 itosd_pop_loop:
    87 0000008C 4983FB00                cmp r11, 0
    88 00000090 740F                    je itosd_pop_loop_end
    89 00000092 415C                    pop r12
    90 00000094 4983C430                add r12, "0"
    91 00000098 448820                  mov BYTE [rax], r12b
    92 0000009B 48FFC0                  inc rax
    93 0000009E 49FFCB                  dec r11
    94 000000A1 EBE7                    jmp itosd_pop_loop
    95                                 itosd_pop_loop_end:
    96 000000A3 8808                    mov BYTE [rax], cl
    97                                 itosd_end:
    98 000000A5 415C                    pop r12
    99 000000A7 5B                      pop rbx
   100 000000A8 C3                     ret
   101                                 
   102                                 _start:
   103 000000A9 48C7C100000000          mov rcx, 0
   104                                 %line 109+0 ../../textbook/ch12/itosd.asm
   105 000000B0 48C7C220000000          mov rdx, 32
   106 000000B7 48C7C6[00000000]        mov rsi, Str1
   107 000000BE 488B3C25[00000000]      mov rdi, QWORD [Num1]
   108 000000C6 E830FFFFFF              call itosd
   109                                 %line 110+1 ../../textbook/ch12/itosd.asm
   110 000000CB 48C7C100000000          mov rcx, 0
   111                                 %line 110+0 ../../textbook/ch12/itosd.asm
   112 000000D2 48C7C220000000          mov rdx, 32
   113 000000D9 48C7C6[00000000]        mov rsi, Str2
   114 000000E0 488B3C25[00000000]      mov rdi, QWORD [Num2]
   115 000000E8 E80EFFFFFF              call itosd
   116                                 %line 111+1 ../../textbook/ch12/itosd.asm
   117 000000ED 48C7C100000000          mov rcx, 0
   118                                 %line 111+0 ../../textbook/ch12/itosd.asm
   119 000000F4 48C7C200000000          mov rdx, 0
   120 000000FB 48C7C6[00000000]        mov rsi, Str3
   121 00000102 488B3C25[00000000]      mov rdi, QWORD [Num3]
   122 0000010A E8ECFEFFFF              call itosd
   123                                 %line 112+1 ../../textbook/ch12/itosd.asm
   124 0000010F 48C7C100000000          mov rcx, 0
   125                                 %line 112+0 ../../textbook/ch12/itosd.asm
   126 00000116 48C7C201000000          mov rdx, 1
   127 0000011D 48C7C6[00000000]        mov rsi, Str4
   128 00000124 488B3C25[00000000]      mov rdi, QWORD [Num4]
   129 0000012C E8CAFEFFFF              call itosd
   130                                 %line 113+1 ../../textbook/ch12/itosd.asm
   131 00000131 48C7C100000000          mov rcx, 0
   132                                 %line 113+0 ../../textbook/ch12/itosd.asm
   133 00000138 48C7C204000000          mov rdx, 4
   134 0000013F 48C7C6[00000000]        mov rsi, Str5
   135 00000146 488B3C25[00000000]      mov rdi, QWORD [Num5]
   136 0000014E E8A8FEFFFF              call itosd
   137                                 %line 114+1 ../../textbook/ch12/itosd.asm
   138 00000153 48C7C100000000          mov rcx, 0
   139                                 %line 114+0 ../../textbook/ch12/itosd.asm
   140 0000015A 48C7C206000000          mov rdx, 6
   141 00000161 48C7C6[00000000]        mov rsi, Str6
   142 00000168 488B3C25[00000000]      mov rdi, QWORD [Num6]
   143 00000170 E886FEFFFF              call itosd
   144                                 %line 115+1 ../../textbook/ch12/itosd.asm
   145 00000175 48C7C12C000000          mov rcx, ","
   146                                 %line 115+0 ../../textbook/ch12/itosd.asm
   147 0000017C 48C7C220000000          mov rdx, 32
   148 00000183 48C7C6[00000000]        mov rsi, Str7
   149 0000018A 488B3C25[00000000]      mov rdi, QWORD [Num7]
   150 00000192 E864FEFFFF              call itosd
   151                                 %line 116+1 ../../textbook/ch12/itosd.asm
   152 00000197 48C7C121000000          mov rcx, "!"
   153                                 %line 116+0 ../../textbook/ch12/itosd.asm
   154 0000019E 48C7C220000000          mov rdx, 32
   155 000001A5 48C7C6[00000000]        mov rsi, Str8
   156 000001AC 488B3C25[00000000]      mov rdi, QWORD [Num8]
   157 000001B4 E842FEFFFF              call itosd
   158                                 %line 117+1 ../../textbook/ch12/itosd.asm
   159                                 
   160                                 
   161 000001B9 48C7C03C000000          mov rax, 60
   162 000001C0 48C7C700000000          mov rdi, 0
   163 000001C7 0F05                    syscall
