     1                                 %line 8+1 ../../textbook/ch12/stoid.asm
     2                                 
     3                                 
     4                                 [section .data]
     5 00000000 343200                  Str1 db "42", 0
     6 00000003 2D363700                Str2 db "-67", 0
     7 00000007 2020202D383600          Str3 db "   -86", 0
     8 0000000E 202020203132392C20-     Str4 db "    129, 93", 0
     9 0000000E 393300             
    10 0000001A 00                      Str5 db 0
    11 0000001B 312C3200                Str6 db "1,2", 0
    12 0000001F 206761726261676520-     Str7 db " garbage ", 0
    13 0000001F 00                 
    14 00000029 010203040500            Str8 db 1, 2, 3, 4, 5, 0
    15                                 
    16 0000002F 2D38322C202034372C-     Str9 db "-82,  47,  44,  93,"
    17 0000002F 202034342C20203933-
    18 0000002F 2C                 
    19 00000042 2D36352C202D31352C-     db "-65, -15,  45, -75,"
    20 00000042 202034352C202D3735-
    21 00000042 2C                 
    22 00000055 2035322C202035372C-     db " 52,  57, -30,  22,"
    23 00000055 202D33302C20203232-
    24 00000055 2C                 
    25 00000068 2039382C202033382C-     db " 98,  38, -58, -76,", 0
    26 00000068 202D35382C202D3736-
    27 00000068 2C00               
    28                                 
    29                                 
    30                                 [section .bss]
    31 00000000 <gap>                   Num1 resq 1
    32 00000008 <gap>                   Num2 resq 1
    33 00000010 <gap>                   Num3 resq 1
    34 00000018 <gap>                   Num4 resq 1
    35 00000020 <gap>                   Num5 resq 1
    36 00000028 <gap>                   Num6 resq 1
    37 00000030 <gap>                   Num7 resq 1
    38 00000038 <gap>                   Num8 resq 1
    39                                 
    40 00000040 <gap>                   NumArr9 resq 16
    41                                 
    42                                 [section .text]
    43                                 [global stoid]
    44                                 [global _start]
    45                                 
    46                                 stoid:
    47                                 
    48                                 
    49                                 
    50                                 
    51                                 
    52                                 
    53                                 
    54                                 
    55                                 
    56 00000000 53                      push rbx
    57 00000001 4154                    push r12
    58 00000003 4155                    push r13
    59                                 
    60                                 
    61 00000005 48C7C000000000          mov rax, 0
    62 0000000C 4883FF00                cmp rdi, 0
    63 00000010 0F84A7000000            jz stoid_end
    64                                 
    65 00000016 4883FE00                cmp rsi, 0
    66 0000001A 0F849D000000            jz stoid_end
    67                                 
    68 00000020 4883FA00                cmp rdx, 0
    69 00000024 0F8493000000            jz stoid_end
    70                                 
    71                                 
    72 0000002A 48C70700000000          mov QWORD [rdi], 0
    73 00000031 4889F0                  mov rax, rsi
    74 00000034 4989C3                  mov r11, rax
    75 00000037 4901D3                  add r11, rdx
    76                                 stoid_skip_space_loop:
    77 0000003A 4C39D8                  cmp rax, r11
    78 0000003D 0F847A000000            je stoid_end
    79 00000043 803820                  cmp BYTE [rax], " "
    80 00000046 7503                    jne stoid_skip_space_loop_end
    81 00000048 48FFC0                  inc rax
    82 0000004B EBEB                    jmp stoid_skip_space_loop
    83                                 stoid_skip_space_loop_end:
    84 0000004D 4989C2                  mov r10, rax
    85                                 
    86                                 
    87 00000050 49C7C401000000          mov r12, 1
    88 00000057 41803A2D                cmp BYTE [r10], "-"
    89 0000005B 7406                    je stoid_negative
    90 0000005D 41803A2B                cmp BYTE [r10], "+"
    91 00000061 7407                    je stoid_positive
    92 00000063 EB08                    jmp stoid_nosign
    93                                 stoid_negative:
    94 00000065 49C7C4FFFFFFFF          mov r12, -1
    95                                 stoid_positive:
    96 0000006C 49FFC2                  inc r10
    97                                 stoid_nosign:
    98                                 
    99                                 
   100 0000006F 48C7C30A000000          mov rbx, 10
   101 00000076 48C7C000000000          mov rax, 0
   102 0000007D 49C7C500000000          mov r13, 0
   103                                 stoid_digit_loop:
   104 00000084 4D39DA                  cmp r10, r11
   105 00000087 742B                    je stoid_digit_loop_end
   106 00000089 458A2A                  mov r13b, BYTE [r10]
   107 0000008C 4138CD                  cmp r13b, cl
   108 0000008F 7423                    je stoid_digit_loop_end
   109 00000091 4180ED30                sub r13b, "0"
   110                                 
   111 00000095 4180FD00                cmp r13b, 0
   112 00000099 7C10                    jl stoid_digit_loop_end_invalid
   113 0000009B 4180FD09                cmp r13b, 9
   114 0000009F 7F0A                    jg stoid_digit_loop_end_invalid
   115                                 
   116 000000A1 480FAFC3                imul rax, rbx
   117 000000A5 4C01E8                  add rax, r13
   118 000000A8 49FFC2                  inc r10
   119 000000AB EBD5                    jmp stoid_digit_loop
   120                                 stoid_digit_loop_end_invalid:
   121 000000AD 48C7C000000000          mov rax, 0
   122 000000B4 EB0B                    jmp stoid_end
   123                                 stoid_digit_loop_end:
   124                                 
   125 000000B6 4989C5                  mov r13, rax
   126 000000B9 4D0FAFEC                imul r13, r12
   127 000000BD 4C892F                  mov QWORD [rdi], r13
   128 000000C0 4C89D0                  mov rax, r10
   129                                 
   130                                 stoid_end:
   131 000000C3 415D                    pop r13
   132 000000C5 415C                    pop r12
   133 000000C7 5B                      pop rbx
   134 000000C8 C3                     ret
   135                                 
   136                                 
   137                                 
   138                                 
   139                                 
   140                                 
   141                                 
   142                                 
   143                                 
   144                                 
   145                                 
   146                                 
   147                                 
   148                                 
   149                                 
   150                                 
   151                                 
   152                                 
   153                                 
   154                                 
   155                                 
   156                                 
   157                                 
   158                                 
   159                                 
   160                                 
   161                                 
