     1                                 %line 3+1 ../../textbook/ch19/constants.asm
     2                                 [section .rodata]
     3                                 
     4                                  NULL equ 0
     5                                  LF equ 0x0a
     6                                 
     7                                 
     8                                  SYS_read equ 0
     9                                  SYS_write equ 1
    10                                  SYS_open equ 2
    11                                  SYS_close equ 3
    12                                  SYS_lseek equ 8
    13                                  SYS_exit equ 60
    14                                 
    15                                 
    16                                  SYS_stdin equ 0
    17                                  SYS_stdout equ 1
    18                                  SYS_stderr equ 2
    19                                 
    20                                 
    21                                  O_ACCMODE equ 00000003
    22                                  O_RDONLY equ 00000000
    23                                  O_WRONLY equ 00000001
    24                                  O_RDWR equ 00000002
    25                                  O_CREAT equ 00000100
    26                                  O_EXCL equ 00000200
    27                                  O_NOCTTY equ 00000400
    28                                  O_TRUNC equ 00001000
    29                                  O_APPEND equ 00002000
    30                                  O_NONBLOCK equ 00004000
    31                                  O_DSYNC equ 00010000
    32                                  FASYNC equ 00020000
    33                                  O_DIRECT equ 00040000
    34                                  O_LARGEFILE equ 00100000
    35                                  O_DIRECTORY equ 00200000
    36                                  O_NOFOLLOW equ 00400000
    37                                  O_NOATIME equ 01000000
    38                                  O_CLOEXEC equ 02000000
    39                                 
    40                                  S_IRWXU equ 00700
    41                                  S_IRUSR equ 00400
    42                                  S_IWUSR equ 00200
    43                                  S_IXUSR equ 00100
    44                                 
    45                                  S_IRWXG equ 00070
    46                                  S_IRGRP equ 00040
    47                                  S_IWGRP equ 00020
    48                                  S_IXGRP equ 00010
    49                                 
    50                                  S_IRWXO equ 00007
    51                                  S_IROTH equ 00004
    52                                  S_IWOTH equ 00002
    53                                  S_IXOTH equ 00001
    54                                 
    55                                 
    56                                  SEEK_SET equ 0
    57                                  SEEK_CUR equ 1
    58                                  SEEK_END equ 2
    59                                 
    60                                 
    61                                  EXIT_success equ 0
    62                                  EXIT_failure equ 1
