     1                                 %line 3+1 ../../textbook/ch16/constants.asm
     2                                 [section .rodata]
     3                                 
     4                                  LF equ 0x0a
     5                                 
     6                                 
     7                                  SYS_read equ 0
     8                                  SYS_write equ 1
     9                                  SYS_open equ 2
    10                                  SYS_close equ 3
    11                                  SYS_lseek equ 8
    12                                  SYS_exit equ 60
    13                                 
    14                                 
    15                                  SYS_stdin equ 0
    16                                  SYS_stdout equ 1
    17                                  SYS_stderr equ 2
    18                                 
    19                                 
    20                                  O_ACCMODE equ 00000003
    21                                  O_RDONLY equ 00000000
    22                                  O_WRONLY equ 00000001
    23                                  O_RDWR equ 00000002
    24                                  O_CREAT equ 00000100
    25                                  O_EXCL equ 00000200
    26                                  O_NOCTTY equ 00000400
    27                                  O_TRUNC equ 00001000
    28                                  O_APPEND equ 00002000
    29                                  O_NONBLOCK equ 00004000
    30                                  O_DSYNC equ 00010000
    31                                  FASYNC equ 00020000
    32                                  O_DIRECT equ 00040000
    33                                  O_LARGEFILE equ 00100000
    34                                  O_DIRECTORY equ 00200000
    35                                  O_NOFOLLOW equ 00400000
    36                                  O_NOATIME equ 01000000
    37                                  O_CLOEXEC equ 02000000
    38                                 
    39                                  S_IRWXU equ 00700
    40                                  S_IRUSR equ 00400
    41                                  S_IWUSR equ 00200
    42                                  S_IXUSR equ 00100
    43                                 
    44                                  S_IRWXG equ 00070
    45                                  S_IRGRP equ 00040
    46                                  S_IWGRP equ 00020
    47                                  S_IXGRP equ 00010
    48                                 
    49                                  S_IRWXO equ 00007
    50                                  S_IROTH equ 00004
    51                                  S_IWOTH equ 00002
    52                                  S_IXOTH equ 00001
    53                                 
    54                                 
    55                                  SEEK_SET equ 0
    56                                  SEEK_CUR equ 1
    57                                  SEEK_END equ 2
    58                                 
    59                                 
    60                                  EXIT_success equ 0
    61                                  EXIT_failure equ 1
    62                                 %line 2+1 ../../textbook/ch16/printline_only.asm
    63                                 
    64                                 [section .rodata]
    65 00000000 0A                      LFc db LF
    66                                 
    67                                 [section .text]
    68                                 [global printline]
    69                                 printline:
    70                                 
    71                                 
    72                                 
    73                                 
    74                                 
    75                                 
    76                                 
    77 00000000 4883FF00                cmp rdi, 0
    78 00000004 7442                    jz printline_end
    79                                 
    80                                 
    81 00000006 4889FE                  mov rsi, rdi
    82                                 printline_strlen_loop:
    83 00000009 803E00                  cmp BYTE [rsi], 0
    84 0000000C 7403                    jz printline_strlen_loop_end
    85 0000000E 48FFC6                  inc rsi
    86 00000011 EBF4                    jmp printline_strlen_loop
    87                                 printline_strlen_loop_end:
    88                                 
    89 00000013 4889F2                  mov rdx, rsi
    90 00000016 4829FA                  sub rdx, rdi
    91 00000019 4889FE                  mov rsi, rdi
    92 0000001C 48C7C701000000          mov rdi, SYS_stdout
    93 00000023 48C7C001000000          mov rax, SYS_write
    94 0000002A 0F05                    syscall
    95                                 
    96 0000002C 48C7C201000000          mov rdx, 1
    97 00000033 48C7C6[00000000]        mov rsi, LFc
    98 0000003A 48C7C701000000          mov rdi, SYS_stdout
    99 00000041 48C7C001000000          mov rax, SYS_write
   100 00000048 0F05                    syscall
   101                                 printline_end:
   102 0000004A C3                     ret
